CRITICAL - 2022-05-23 02:01:35 --> Undefined variable $validation
#0 C:\xampp-8.1.5\htdocs\ci4.1.9-testapi-withcomposer\app\Views\register.php(15): CodeIgniter\Debug\Exceptions->errorHandler(2, 'Undefined varia...', 'C:\\xampp-8.1.5\\...', 15)
#1 C:\xampp-8.1.5\htdocs\ci4.1.9-testapi-withcomposer\vendor\codeigniter4\framework\system\View\View.php(210): include('C:\\xampp-8.1.5\\...')
#2 C:\xampp-8.1.5\htdocs\ci4.1.9-testapi-withcomposer\vendor\codeigniter4\framework\system\View\View.php(213): CodeIgniter\View\View->CodeIgniter\View\{closure}()
#3 C:\xampp-8.1.5\htdocs\ci4.1.9-testapi-withcomposer\vendor\codeigniter4\framework\system\Common.php(1089): CodeIgniter\View\View->render('register', Array, true)
#4 C:\xampp-8.1.5\htdocs\ci4.1.9-testapi-withcomposer\app\Controllers\Auth.php(25): view('register')
#5 C:\xampp-8.1.5\htdocs\ci4.1.9-testapi-withcomposer\vendor\codeigniter4\framework\system\CodeIgniter.php(832): App\Controllers\Auth->formRegister()
#6 C:\xampp-8.1.5\htdocs\ci4.1.9-testapi-withcomposer\vendor\codeigniter4\framework\system\CodeIgniter.php(419): CodeIgniter\CodeIgniter->runController(Object(App\Controllers\Auth))
#7 C:\xampp-8.1.5\htdocs\ci4.1.9-testapi-withcomposer\vendor\codeigniter4\framework\system\CodeIgniter.php(326): CodeIgniter\CodeIgniter->handleRequest(NULL, Object(Config\Cache), false)
#8 C:\xampp-8.1.5\htdocs\ci4.1.9-testapi-withcomposer\public\index.php(37): CodeIgniter\CodeIgniter->run()
#9 C:\xampp-8.1.5\htdocs\ci4.1.9-testapi-withcomposer\vendor\codeigniter4\framework\system\Commands\Server\rewrite.php(43): require_once('C:\\xampp-8.1.5\\...')
#10 {main}
CRITICAL - 2022-05-23 02:02:15 --> Undefined variable $validation
#0 C:\xampp-8.1.5\htdocs\ci4.1.9-testapi-withcomposer\app\Views\register.php(15): CodeIgniter\Debug\Exceptions->errorHandler(2, 'Undefined varia...', 'C:\\xampp-8.1.5\\...', 15)
#1 C:\xampp-8.1.5\htdocs\ci4.1.9-testapi-withcomposer\vendor\codeigniter4\framework\system\View\View.php(210): include('C:\\xampp-8.1.5\\...')
#2 C:\xampp-8.1.5\htdocs\ci4.1.9-testapi-withcomposer\vendor\codeigniter4\framework\system\View\View.php(213): CodeIgniter\View\View->CodeIgniter\View\{closure}()
#3 C:\xampp-8.1.5\htdocs\ci4.1.9-testapi-withcomposer\vendor\codeigniter4\framework\system\Common.php(1089): CodeIgniter\View\View->render('register', Array, true)
#4 C:\xampp-8.1.5\htdocs\ci4.1.9-testapi-withcomposer\app\Controllers\Auth.php(25): view('register')
#5 C:\xampp-8.1.5\htdocs\ci4.1.9-testapi-withcomposer\vendor\codeigniter4\framework\system\CodeIgniter.php(832): App\Controllers\Auth->formRegister()
#6 C:\xampp-8.1.5\htdocs\ci4.1.9-testapi-withcomposer\vendor\codeigniter4\framework\system\CodeIgniter.php(419): CodeIgniter\CodeIgniter->runController(Object(App\Controllers\Auth))
#7 C:\xampp-8.1.5\htdocs\ci4.1.9-testapi-withcomposer\vendor\codeigniter4\framework\system\CodeIgniter.php(326): CodeIgniter\CodeIgniter->handleRequest(NULL, Object(Config\Cache), false)
#8 C:\xampp-8.1.5\htdocs\ci4.1.9-testapi-withcomposer\public\index.php(37): CodeIgniter\CodeIgniter->run()
#9 C:\xampp-8.1.5\htdocs\ci4.1.9-testapi-withcomposer\vendor\codeigniter4\framework\system\Commands\Server\rewrite.php(43): require_once('C:\\xampp-8.1.5\\...')
#10 {main}
CRITICAL - 2022-05-23 02:03:08 --> Undefined variable $validation
#0 C:\xampp-8.1.5\htdocs\ci4.1.9-testapi-withcomposer\app\Views\register.php(15): CodeIgniter\Debug\Exceptions->errorHandler(2, 'Undefined varia...', 'C:\\xampp-8.1.5\\...', 15)
#1 C:\xampp-8.1.5\htdocs\ci4.1.9-testapi-withcomposer\vendor\codeigniter4\framework\system\View\View.php(210): include('C:\\xampp-8.1.5\\...')
#2 C:\xampp-8.1.5\htdocs\ci4.1.9-testapi-withcomposer\vendor\codeigniter4\framework\system\View\View.php(213): CodeIgniter\View\View->CodeIgniter\View\{closure}()
#3 C:\xampp-8.1.5\htdocs\ci4.1.9-testapi-withcomposer\vendor\codeigniter4\framework\system\Common.php(1089): CodeIgniter\View\View->render('register', Array, true)
#4 C:\xampp-8.1.5\htdocs\ci4.1.9-testapi-withcomposer\app\Controllers\Auth.php(25): view('register')
#5 C:\xampp-8.1.5\htdocs\ci4.1.9-testapi-withcomposer\vendor\codeigniter4\framework\system\CodeIgniter.php(832): App\Controllers\Auth->formRegister()
#6 C:\xampp-8.1.5\htdocs\ci4.1.9-testapi-withcomposer\vendor\codeigniter4\framework\system\CodeIgniter.php(419): CodeIgniter\CodeIgniter->runController(Object(App\Controllers\Auth))
#7 C:\xampp-8.1.5\htdocs\ci4.1.9-testapi-withcomposer\vendor\codeigniter4\framework\system\CodeIgniter.php(326): CodeIgniter\CodeIgniter->handleRequest(NULL, Object(Config\Cache), false)
#8 C:\xampp-8.1.5\htdocs\ci4.1.9-testapi-withcomposer\public\index.php(37): CodeIgniter\CodeIgniter->run()
#9 C:\xampp-8.1.5\htdocs\ci4.1.9-testapi-withcomposer\vendor\codeigniter4\framework\system\Commands\Server\rewrite.php(43): require_once('C:\\xampp-8.1.5\\...')
#10 {main}
CRITICAL - 2022-05-23 02:03:35 --> Undefined variable $validation
#0 C:\xampp-8.1.5\htdocs\ci4.1.9-testapi-withcomposer\app\Views\register.php(20): CodeIgniter\Debug\Exceptions->errorHandler(2, 'Undefined varia...', 'C:\\xampp-8.1.5\\...', 20)
#1 C:\xampp-8.1.5\htdocs\ci4.1.9-testapi-withcomposer\vendor\codeigniter4\framework\system\View\View.php(210): include('C:\\xampp-8.1.5\\...')
#2 C:\xampp-8.1.5\htdocs\ci4.1.9-testapi-withcomposer\vendor\codeigniter4\framework\system\View\View.php(213): CodeIgniter\View\View->CodeIgniter\View\{closure}()
#3 C:\xampp-8.1.5\htdocs\ci4.1.9-testapi-withcomposer\vendor\codeigniter4\framework\system\Common.php(1089): CodeIgniter\View\View->render('register', Array, true)
#4 C:\xampp-8.1.5\htdocs\ci4.1.9-testapi-withcomposer\app\Controllers\Auth.php(25): view('register')
#5 C:\xampp-8.1.5\htdocs\ci4.1.9-testapi-withcomposer\vendor\codeigniter4\framework\system\CodeIgniter.php(832): App\Controllers\Auth->formRegister()
#6 C:\xampp-8.1.5\htdocs\ci4.1.9-testapi-withcomposer\vendor\codeigniter4\framework\system\CodeIgniter.php(419): CodeIgniter\CodeIgniter->runController(Object(App\Controllers\Auth))
#7 C:\xampp-8.1.5\htdocs\ci4.1.9-testapi-withcomposer\vendor\codeigniter4\framework\system\CodeIgniter.php(326): CodeIgniter\CodeIgniter->handleRequest(NULL, Object(Config\Cache), false)
#8 C:\xampp-8.1.5\htdocs\ci4.1.9-testapi-withcomposer\public\index.php(37): CodeIgniter\CodeIgniter->run()
#9 C:\xampp-8.1.5\htdocs\ci4.1.9-testapi-withcomposer\vendor\codeigniter4\framework\system\Commands\Server\rewrite.php(43): require_once('C:\\xampp-8.1.5\\...')
#10 {main}
CRITICAL - 2022-05-23 02:05:05 --> Undefined variable $validation
#0 C:\xampp-8.1.5\htdocs\ci4.1.9-testapi-withcomposer\app\Views\register.php(25): CodeIgniter\Debug\Exceptions->errorHandler(2, 'Undefined varia...', 'C:\\xampp-8.1.5\\...', 25)
#1 C:\xampp-8.1.5\htdocs\ci4.1.9-testapi-withcomposer\vendor\codeigniter4\framework\system\View\View.php(210): include('C:\\xampp-8.1.5\\...')
#2 C:\xampp-8.1.5\htdocs\ci4.1.9-testapi-withcomposer\vendor\codeigniter4\framework\system\View\View.php(213): CodeIgniter\View\View->CodeIgniter\View\{closure}()
#3 C:\xampp-8.1.5\htdocs\ci4.1.9-testapi-withcomposer\vendor\codeigniter4\framework\system\Common.php(1089): CodeIgniter\View\View->render('register', Array, true)
#4 C:\xampp-8.1.5\htdocs\ci4.1.9-testapi-withcomposer\app\Controllers\Auth.php(25): view('register')
#5 C:\xampp-8.1.5\htdocs\ci4.1.9-testapi-withcomposer\vendor\codeigniter4\framework\system\CodeIgniter.php(832): App\Controllers\Auth->formRegister()
#6 C:\xampp-8.1.5\htdocs\ci4.1.9-testapi-withcomposer\vendor\codeigniter4\framework\system\CodeIgniter.php(419): CodeIgniter\CodeIgniter->runController(Object(App\Controllers\Auth))
#7 C:\xampp-8.1.5\htdocs\ci4.1.9-testapi-withcomposer\vendor\codeigniter4\framework\system\CodeIgniter.php(326): CodeIgniter\CodeIgniter->handleRequest(NULL, Object(Config\Cache), false)
#8 C:\xampp-8.1.5\htdocs\ci4.1.9-testapi-withcomposer\public\index.php(37): CodeIgniter\CodeIgniter->run()
#9 C:\xampp-8.1.5\htdocs\ci4.1.9-testapi-withcomposer\vendor\codeigniter4\framework\system\Commands\Server\rewrite.php(43): require_once('C:\\xampp-8.1.5\\...')
#10 {main}
CRITICAL - 2022-05-23 02:28:06 -->  route cannot be found while reverse-routing.
#0 C:\xampp-8.1.5\htdocs\ci4.1.9-testapi-withcomposer\vendor\codeigniter4\framework\system\HTTP\RedirectResponse.php(56): CodeIgniter\HTTP\Exceptions\HTTPException::forInvalidRedirectRoute('')
#1 C:\xampp-8.1.5\htdocs\ci4.1.9-testapi-withcomposer\vendor\codeigniter4\framework\system\Common.php(832): CodeIgniter\HTTP\RedirectResponse->route(false)
#2 C:\xampp-8.1.5\htdocs\ci4.1.9-testapi-withcomposer\app\Controllers\Auth.php(86): redirect('<!-- DEBUG-VIEW...')
#3 C:\xampp-8.1.5\htdocs\ci4.1.9-testapi-withcomposer\vendor\codeigniter4\framework\system\CodeIgniter.php(832): App\Controllers\Auth->processRegister()
#4 C:\xampp-8.1.5\htdocs\ci4.1.9-testapi-withcomposer\vendor\codeigniter4\framework\system\CodeIgniter.php(419): CodeIgniter\CodeIgniter->runController(Object(App\Controllers\Auth))
#5 C:\xampp-8.1.5\htdocs\ci4.1.9-testapi-withcomposer\vendor\codeigniter4\framework\system\CodeIgniter.php(326): CodeIgniter\CodeIgniter->handleRequest(NULL, Object(Config\Cache), false)
#6 C:\xampp-8.1.5\htdocs\ci4.1.9-testapi-withcomposer\public\index.php(37): CodeIgniter\CodeIgniter->run()
#7 C:\xampp-8.1.5\htdocs\ci4.1.9-testapi-withcomposer\vendor\codeigniter4\framework\system\Commands\Server\rewrite.php(43): require_once('C:\\xampp-8.1.5\\...')
#8 {main}
CRITICAL - 2022-05-23 02:33:03 -->  route cannot be found while reverse-routing.
#0 C:\xampp-8.1.5\htdocs\ci4.1.9-testapi-withcomposer\vendor\codeigniter4\framework\system\HTTP\RedirectResponse.php(56): CodeIgniter\HTTP\Exceptions\HTTPException::forInvalidRedirectRoute('')
#1 C:\xampp-8.1.5\htdocs\ci4.1.9-testapi-withcomposer\vendor\codeigniter4\framework\system\Common.php(832): CodeIgniter\HTTP\RedirectResponse->route(false)
#2 C:\xampp-8.1.5\htdocs\ci4.1.9-testapi-withcomposer\app\Controllers\Auth.php(86): redirect('http://localhos...')
#3 C:\xampp-8.1.5\htdocs\ci4.1.9-testapi-withcomposer\vendor\codeigniter4\framework\system\CodeIgniter.php(832): App\Controllers\Auth->processRegister()
#4 C:\xampp-8.1.5\htdocs\ci4.1.9-testapi-withcomposer\vendor\codeigniter4\framework\system\CodeIgniter.php(419): CodeIgniter\CodeIgniter->runController(Object(App\Controllers\Auth))
#5 C:\xampp-8.1.5\htdocs\ci4.1.9-testapi-withcomposer\vendor\codeigniter4\framework\system\CodeIgniter.php(326): CodeIgniter\CodeIgniter->handleRequest(NULL, Object(Config\Cache), false)
#6 C:\xampp-8.1.5\htdocs\ci4.1.9-testapi-withcomposer\public\index.php(37): CodeIgniter\CodeIgniter->run()
#7 C:\xampp-8.1.5\htdocs\ci4.1.9-testapi-withcomposer\vendor\codeigniter4\framework\system\Commands\Server\rewrite.php(43): require_once('C:\\xampp-8.1.5\\...')
#8 {main}
CRITICAL - 2022-05-23 02:36:38 --> Jon Heri is not a valid rule.
#0 C:\xampp-8.1.5\htdocs\ci4.1.9-testapi-withcomposer\vendor\codeigniter4\framework\system\Validation\Validation.php(300): CodeIgniter\Validation\Exceptions\ValidationException::forRuleNotFound('Jon Heri')
#1 C:\xampp-8.1.5\htdocs\ci4.1.9-testapi-withcomposer\vendor\codeigniter4\framework\system\Validation\Validation.php(157): CodeIgniter\Validation\Validation->processRules('fullname', 'fullname', NULL, Array, Array)
#2 C:\xampp-8.1.5\htdocs\ci4.1.9-testapi-withcomposer\vendor\codeigniter4\framework\system\Controller.php(160): CodeIgniter\Validation\Validation->run()
#3 C:\xampp-8.1.5\htdocs\ci4.1.9-testapi-withcomposer\app\Controllers\Auth.php(59): CodeIgniter\Controller->validate(Array)
#4 C:\xampp-8.1.5\htdocs\ci4.1.9-testapi-withcomposer\vendor\codeigniter4\framework\system\CodeIgniter.php(832): App\Controllers\Auth->processRegister()
#5 C:\xampp-8.1.5\htdocs\ci4.1.9-testapi-withcomposer\vendor\codeigniter4\framework\system\CodeIgniter.php(419): CodeIgniter\CodeIgniter->runController(Object(App\Controllers\Auth))
#6 C:\xampp-8.1.5\htdocs\ci4.1.9-testapi-withcomposer\vendor\codeigniter4\framework\system\CodeIgniter.php(326): CodeIgniter\CodeIgniter->handleRequest(NULL, Object(Config\Cache), false)
#7 C:\xampp-8.1.5\htdocs\ci4.1.9-testapi-withcomposer\public\index.php(37): CodeIgniter\CodeIgniter->run()
#8 C:\xampp-8.1.5\htdocs\ci4.1.9-testapi-withcomposer\vendor\codeigniter4\framework\system\Commands\Server\rewrite.php(43): require_once('C:\\xampp-8.1.5\\...')
#9 {main}
CRITICAL - 2022-05-23 02:36:45 --> Jon Heri is not a valid rule.
#0 C:\xampp-8.1.5\htdocs\ci4.1.9-testapi-withcomposer\vendor\codeigniter4\framework\system\Validation\Validation.php(300): CodeIgniter\Validation\Exceptions\ValidationException::forRuleNotFound('Jon Heri')
#1 C:\xampp-8.1.5\htdocs\ci4.1.9-testapi-withcomposer\vendor\codeigniter4\framework\system\Validation\Validation.php(157): CodeIgniter\Validation\Validation->processRules('fullname', 'fullname', NULL, Array, Array)
#2 C:\xampp-8.1.5\htdocs\ci4.1.9-testapi-withcomposer\vendor\codeigniter4\framework\system\Controller.php(160): CodeIgniter\Validation\Validation->run()
#3 C:\xampp-8.1.5\htdocs\ci4.1.9-testapi-withcomposer\app\Controllers\Auth.php(59): CodeIgniter\Controller->validate(Array)
#4 C:\xampp-8.1.5\htdocs\ci4.1.9-testapi-withcomposer\vendor\codeigniter4\framework\system\CodeIgniter.php(832): App\Controllers\Auth->processRegister()
#5 C:\xampp-8.1.5\htdocs\ci4.1.9-testapi-withcomposer\vendor\codeigniter4\framework\system\CodeIgniter.php(419): CodeIgniter\CodeIgniter->runController(Object(App\Controllers\Auth))
#6 C:\xampp-8.1.5\htdocs\ci4.1.9-testapi-withcomposer\vendor\codeigniter4\framework\system\CodeIgniter.php(326): CodeIgniter\CodeIgniter->handleRequest(NULL, Object(Config\Cache), false)
#7 C:\xampp-8.1.5\htdocs\ci4.1.9-testapi-withcomposer\public\index.php(37): CodeIgniter\CodeIgniter->run()
#8 C:\xampp-8.1.5\htdocs\ci4.1.9-testapi-withcomposer\vendor\codeigniter4\framework\system\Commands\Server\rewrite.php(43): require_once('C:\\xampp-8.1.5\\...')
#9 {main}
CRITICAL - 2022-05-23 02:49:27 --> syntax error, unexpected token ")"
#0 C:\xampp-8.1.5\htdocs\ci4.1.9-testapi-withcomposer\vendor\codeigniter4\framework\system\Autoloader\Autoloader.php(241): CodeIgniter\Autoloader\Autoloader->includeFile('C:\\xampp-8.1.5\\...')
#1 C:\xampp-8.1.5\htdocs\ci4.1.9-testapi-withcomposer\vendor\codeigniter4\framework\system\Autoloader\Autoloader.php(219): CodeIgniter\Autoloader\Autoloader->loadInNamespace('App\\Controllers...')
#2 [internal function]: CodeIgniter\Autoloader\Autoloader->loadClass('App\\Controllers...')
#3 C:\xampp-8.1.5\htdocs\ci4.1.9-testapi-withcomposer\vendor\codeigniter4\framework\system\CodeIgniter.php(797): class_exists('\\App\\Controller...', true)
#4 C:\xampp-8.1.5\htdocs\ci4.1.9-testapi-withcomposer\vendor\codeigniter4\framework\system\CodeIgniter.php(406): CodeIgniter\CodeIgniter->startController()
#5 C:\xampp-8.1.5\htdocs\ci4.1.9-testapi-withcomposer\vendor\codeigniter4\framework\system\CodeIgniter.php(326): CodeIgniter\CodeIgniter->handleRequest(NULL, Object(Config\Cache), false)
#6 C:\xampp-8.1.5\htdocs\ci4.1.9-testapi-withcomposer\public\index.php(37): CodeIgniter\CodeIgniter->run()
#7 C:\xampp-8.1.5\htdocs\ci4.1.9-testapi-withcomposer\vendor\codeigniter4\framework\system\Commands\Server\rewrite.php(43): require_once('C:\\xampp-8.1.5\\...')
#8 {main}
CRITICAL - 2022-05-23 03:08:11 --> Undefined variable $response
#0 C:\xampp-8.1.5\htdocs\ci4.1.9-testapi-withcomposer\app\Views\register.php(16): CodeIgniter\Debug\Exceptions->errorHandler(2, 'Undefined varia...', 'C:\\xampp-8.1.5\\...', 16)
#1 C:\xampp-8.1.5\htdocs\ci4.1.9-testapi-withcomposer\vendor\codeigniter4\framework\system\View\View.php(210): include('C:\\xampp-8.1.5\\...')
#2 C:\xampp-8.1.5\htdocs\ci4.1.9-testapi-withcomposer\vendor\codeigniter4\framework\system\View\View.php(213): CodeIgniter\View\View->CodeIgniter\View\{closure}()
#3 C:\xampp-8.1.5\htdocs\ci4.1.9-testapi-withcomposer\vendor\codeigniter4\framework\system\Common.php(1089): CodeIgniter\View\View->render('register', Array, true)
#4 C:\xampp-8.1.5\htdocs\ci4.1.9-testapi-withcomposer\app\Controllers\Auth.php(86): view('register', Array)
#5 C:\xampp-8.1.5\htdocs\ci4.1.9-testapi-withcomposer\vendor\codeigniter4\framework\system\CodeIgniter.php(832): App\Controllers\Auth->processRegister()
#6 C:\xampp-8.1.5\htdocs\ci4.1.9-testapi-withcomposer\vendor\codeigniter4\framework\system\CodeIgniter.php(419): CodeIgniter\CodeIgniter->runController(Object(App\Controllers\Auth))
#7 C:\xampp-8.1.5\htdocs\ci4.1.9-testapi-withcomposer\vendor\codeigniter4\framework\system\CodeIgniter.php(326): CodeIgniter\CodeIgniter->handleRequest(NULL, Object(Config\Cache), false)
#8 C:\xampp-8.1.5\htdocs\ci4.1.9-testapi-withcomposer\public\index.php(37): CodeIgniter\CodeIgniter->run()
#9 C:\xampp-8.1.5\htdocs\ci4.1.9-testapi-withcomposer\vendor\codeigniter4\framework\system\Commands\Server\rewrite.php(43): require_once('C:\\xampp-8.1.5\\...')
#10 {main}
CRITICAL - 2022-05-23 03:46:35 --> syntax error, unexpected token "exit"
#0 C:\xampp-8.1.5\htdocs\ci4.1.9-testapi-withcomposer\vendor\codeigniter4\framework\system\Autoloader\Autoloader.php(241): CodeIgniter\Autoloader\Autoloader->includeFile('C:\\xampp-8.1.5\\...')
#1 C:\xampp-8.1.5\htdocs\ci4.1.9-testapi-withcomposer\vendor\codeigniter4\framework\system\Autoloader\Autoloader.php(219): CodeIgniter\Autoloader\Autoloader->loadInNamespace('App\\Controllers...')
#2 [internal function]: CodeIgniter\Autoloader\Autoloader->loadClass('App\\Controllers...')
#3 C:\xampp-8.1.5\htdocs\ci4.1.9-testapi-withcomposer\vendor\codeigniter4\framework\system\CodeIgniter.php(797): class_exists('\\App\\Controller...', true)
#4 C:\xampp-8.1.5\htdocs\ci4.1.9-testapi-withcomposer\vendor\codeigniter4\framework\system\CodeIgniter.php(406): CodeIgniter\CodeIgniter->startController()
#5 C:\xampp-8.1.5\htdocs\ci4.1.9-testapi-withcomposer\vendor\codeigniter4\framework\system\CodeIgniter.php(326): CodeIgniter\CodeIgniter->handleRequest(NULL, Object(Config\Cache), false)
#6 C:\xampp-8.1.5\htdocs\ci4.1.9-testapi-withcomposer\public\index.php(37): CodeIgniter\CodeIgniter->run()
#7 C:\xampp-8.1.5\htdocs\ci4.1.9-testapi-withcomposer\vendor\codeigniter4\framework\system\Commands\Server\rewrite.php(43): require_once('C:\\xampp-8.1.5\\...')
#8 {main}
CRITICAL - 2022-05-23 04:17:07 --> Undefined array key "fullname"
#0 C:\xampp-8.1.5\htdocs\ci4.1.9-testapi-withcomposer\app\Models\ModelUsers.php(44): CodeIgniter\Debug\Exceptions->errorHandler(2, 'Undefined array...', 'C:\\xampp-8.1.5\\...', 44)
#1 C:\xampp-8.1.5\htdocs\ci4.1.9-testapi-withcomposer\app\Controllers\Auth.php(111): App\Models\ModelUsers->addData(Array)
#2 C:\xampp-8.1.5\htdocs\ci4.1.9-testapi-withcomposer\vendor\codeigniter4\framework\system\CodeIgniter.php(832): App\Controllers\Auth->processRegister()
#3 C:\xampp-8.1.5\htdocs\ci4.1.9-testapi-withcomposer\vendor\codeigniter4\framework\system\CodeIgniter.php(419): CodeIgniter\CodeIgniter->runController(Object(App\Controllers\Auth))
#4 C:\xampp-8.1.5\htdocs\ci4.1.9-testapi-withcomposer\vendor\codeigniter4\framework\system\CodeIgniter.php(326): CodeIgniter\CodeIgniter->handleRequest(NULL, Object(Config\Cache), false)
#5 C:\xampp-8.1.5\htdocs\ci4.1.9-testapi-withcomposer\public\index.php(37): CodeIgniter\CodeIgniter->run()
#6 C:\xampp-8.1.5\htdocs\ci4.1.9-testapi-withcomposer\vendor\codeigniter4\framework\system\Commands\Server\rewrite.php(43): require_once('C:\\xampp-8.1.5\\...')
#7 {main}
CRITICAL - 2022-05-23 20:09:31 --> Cannot declare class App\Controllers\Auth, because the name is already in use
#0 [internal function]: CodeIgniter\Debug\Exceptions->shutdownHandler()
#1 {main}
CRITICAL - 2022-05-23 20:09:46 --> Cannot declare class App\Controllers\Auth, because the name is already in use
#0 [internal function]: CodeIgniter\Debug\Exceptions->shutdownHandler()
#1 {main}
CRITICAL - 2022-05-23 20:10:10 --> Cannot declare class App\Controllers\Auth, because the name is already in use
#0 [internal function]: CodeIgniter\Debug\Exceptions->shutdownHandler()
#1 {main}
