CRITICAL - 2022-05-30 01:25:13 --> Undefined property: App\Filters\AuthCheckFilter::$request
#0 C:\xampp-8.1.5\htdocs\ci4.1.9-testapi-withcomposer\app\Filters\AuthCheckFilter.php(21): CodeIgniter\Debug\Exceptions->errorHandler(2, 'Undefined prope...', 'C:\\xampp-8.1.5\\...', 21)
#1 C:\xampp-8.1.5\htdocs\ci4.1.9-testapi-withcomposer\vendor\codeigniter4\framework\system\Filters\Filters.php(173): App\Filters\AuthCheckFilter->before(Object(CodeIgniter\HTTP\IncomingRequest), NULL)
#2 C:\xampp-8.1.5\htdocs\ci4.1.9-testapi-withcomposer\vendor\codeigniter4\framework\system\CodeIgniter.php(393): CodeIgniter\Filters\Filters->run('users', 'before')
#3 C:\xampp-8.1.5\htdocs\ci4.1.9-testapi-withcomposer\vendor\codeigniter4\framework\system\CodeIgniter.php(326): CodeIgniter\CodeIgniter->handleRequest(NULL, Object(Config\Cache), false)
#4 C:\xampp-8.1.5\htdocs\ci4.1.9-testapi-withcomposer\public\index.php(37): CodeIgniter\CodeIgniter->run()
#5 C:\xampp-8.1.5\htdocs\ci4.1.9-testapi-withcomposer\vendor\codeigniter4\framework\system\Commands\Server\rewrite.php(43): require_once('C:\\xampp-8.1.5\\...')
#6 {main}
CRITICAL - 2022-05-30 01:26:57 --> Undefined property: App\Filters\AuthCheckFilter::$request
#0 C:\xampp-8.1.5\htdocs\ci4.1.9-testapi-withcomposer\app\Filters\AuthCheckFilter.php(20): CodeIgniter\Debug\Exceptions->errorHandler(2, 'Undefined prope...', 'C:\\xampp-8.1.5\\...', 20)
#1 C:\xampp-8.1.5\htdocs\ci4.1.9-testapi-withcomposer\vendor\codeigniter4\framework\system\Filters\Filters.php(173): App\Filters\AuthCheckFilter->before(Object(CodeIgniter\HTTP\IncomingRequest), NULL)
#2 C:\xampp-8.1.5\htdocs\ci4.1.9-testapi-withcomposer\vendor\codeigniter4\framework\system\CodeIgniter.php(393): CodeIgniter\Filters\Filters->run('users', 'before')
#3 C:\xampp-8.1.5\htdocs\ci4.1.9-testapi-withcomposer\vendor\codeigniter4\framework\system\CodeIgniter.php(326): CodeIgniter\CodeIgniter->handleRequest(NULL, Object(Config\Cache), false)
#4 C:\xampp-8.1.5\htdocs\ci4.1.9-testapi-withcomposer\public\index.php(37): CodeIgniter\CodeIgniter->run()
#5 C:\xampp-8.1.5\htdocs\ci4.1.9-testapi-withcomposer\vendor\codeigniter4\framework\system\Commands\Server\rewrite.php(43): require_once('C:\\xampp-8.1.5\\...')
#6 {main}
CRITICAL - 2022-05-30 01:28:00 --> Undefined property: App\Filters\AuthCheckFilter::$request
#0 C:\xampp-8.1.5\htdocs\ci4.1.9-testapi-withcomposer\app\Filters\AuthCheckFilter.php(20): CodeIgniter\Debug\Exceptions->errorHandler(2, 'Undefined prope...', 'C:\\xampp-8.1.5\\...', 20)
#1 C:\xampp-8.1.5\htdocs\ci4.1.9-testapi-withcomposer\vendor\codeigniter4\framework\system\Filters\Filters.php(173): App\Filters\AuthCheckFilter->before(Object(CodeIgniter\HTTP\IncomingRequest), NULL)
#2 C:\xampp-8.1.5\htdocs\ci4.1.9-testapi-withcomposer\vendor\codeigniter4\framework\system\CodeIgniter.php(393): CodeIgniter\Filters\Filters->run('users', 'before')
#3 C:\xampp-8.1.5\htdocs\ci4.1.9-testapi-withcomposer\vendor\codeigniter4\framework\system\CodeIgniter.php(326): CodeIgniter\CodeIgniter->handleRequest(NULL, Object(Config\Cache), false)
#4 C:\xampp-8.1.5\htdocs\ci4.1.9-testapi-withcomposer\public\index.php(37): CodeIgniter\CodeIgniter->run()
#5 C:\xampp-8.1.5\htdocs\ci4.1.9-testapi-withcomposer\vendor\codeigniter4\framework\system\Commands\Server\rewrite.php(43): require_once('C:\\xampp-8.1.5\\...')
#6 {main}
CRITICAL - 2022-05-30 01:28:56 --> Undefined property: App\Filters\AuthCheckFilter::$request
#0 C:\xampp-8.1.5\htdocs\ci4.1.9-testapi-withcomposer\app\Filters\AuthCheckFilter.php(20): CodeIgniter\Debug\Exceptions->errorHandler(2, 'Undefined prope...', 'C:\\xampp-8.1.5\\...', 20)
#1 C:\xampp-8.1.5\htdocs\ci4.1.9-testapi-withcomposer\vendor\codeigniter4\framework\system\Filters\Filters.php(173): App\Filters\AuthCheckFilter->before(Object(CodeIgniter\HTTP\IncomingRequest), NULL)
#2 C:\xampp-8.1.5\htdocs\ci4.1.9-testapi-withcomposer\vendor\codeigniter4\framework\system\CodeIgniter.php(393): CodeIgniter\Filters\Filters->run('users', 'before')
#3 C:\xampp-8.1.5\htdocs\ci4.1.9-testapi-withcomposer\vendor\codeigniter4\framework\system\CodeIgniter.php(326): CodeIgniter\CodeIgniter->handleRequest(NULL, Object(Config\Cache), false)
#4 C:\xampp-8.1.5\htdocs\ci4.1.9-testapi-withcomposer\public\index.php(37): CodeIgniter\CodeIgniter->run()
#5 C:\xampp-8.1.5\htdocs\ci4.1.9-testapi-withcomposer\vendor\codeigniter4\framework\system\Commands\Server\rewrite.php(43): require_once('C:\\xampp-8.1.5\\...')
#6 {main}
CRITICAL - 2022-05-30 01:51:20 --> Too few arguments to function App\Controllers\Users::index(), 0 passed in C:\xampp-8.1.5\htdocs\ci4.1.9-testapi-withcomposer\vendor\codeigniter4\framework\system\CodeIgniter.php on line 832 and exactly 1 expected
#0 C:\xampp-8.1.5\htdocs\ci4.1.9-testapi-withcomposer\vendor\codeigniter4\framework\system\CodeIgniter.php(832): App\Controllers\Users->index()
#1 C:\xampp-8.1.5\htdocs\ci4.1.9-testapi-withcomposer\vendor\codeigniter4\framework\system\CodeIgniter.php(419): CodeIgniter\CodeIgniter->runController(Object(App\Controllers\Users))
#2 C:\xampp-8.1.5\htdocs\ci4.1.9-testapi-withcomposer\vendor\codeigniter4\framework\system\CodeIgniter.php(326): CodeIgniter\CodeIgniter->handleRequest(NULL, Object(Config\Cache), false)
#3 C:\xampp-8.1.5\htdocs\ci4.1.9-testapi-withcomposer\public\index.php(37): CodeIgniter\CodeIgniter->run()
#4 C:\xampp-8.1.5\htdocs\ci4.1.9-testapi-withcomposer\vendor\codeigniter4\framework\system\Commands\Server\rewrite.php(43): require_once('C:\\xampp-8.1.5\\...')
#5 {main}
CRITICAL - 2022-05-30 01:53:56 --> Too few arguments to function App\Controllers\Users::index(), 0 passed in C:\xampp-8.1.5\htdocs\ci4.1.9-testapi-withcomposer\vendor\codeigniter4\framework\system\CodeIgniter.php on line 832 and exactly 1 expected
#0 C:\xampp-8.1.5\htdocs\ci4.1.9-testapi-withcomposer\vendor\codeigniter4\framework\system\CodeIgniter.php(832): App\Controllers\Users->index()
#1 C:\xampp-8.1.5\htdocs\ci4.1.9-testapi-withcomposer\vendor\codeigniter4\framework\system\CodeIgniter.php(419): CodeIgniter\CodeIgniter->runController(Object(App\Controllers\Users))
#2 C:\xampp-8.1.5\htdocs\ci4.1.9-testapi-withcomposer\vendor\codeigniter4\framework\system\CodeIgniter.php(326): CodeIgniter\CodeIgniter->handleRequest(NULL, Object(Config\Cache), false)
#3 C:\xampp-8.1.5\htdocs\ci4.1.9-testapi-withcomposer\public\index.php(37): CodeIgniter\CodeIgniter->run()
#4 C:\xampp-8.1.5\htdocs\ci4.1.9-testapi-withcomposer\vendor\codeigniter4\framework\system\Commands\Server\rewrite.php(43): require_once('C:\\xampp-8.1.5\\...')
#5 {main}
CRITICAL - 2022-05-30 01:53:57 --> Too few arguments to function App\Controllers\Users::index(), 0 passed in C:\xampp-8.1.5\htdocs\ci4.1.9-testapi-withcomposer\vendor\codeigniter4\framework\system\CodeIgniter.php on line 832 and exactly 1 expected
#0 C:\xampp-8.1.5\htdocs\ci4.1.9-testapi-withcomposer\vendor\codeigniter4\framework\system\CodeIgniter.php(832): App\Controllers\Users->index()
#1 C:\xampp-8.1.5\htdocs\ci4.1.9-testapi-withcomposer\vendor\codeigniter4\framework\system\CodeIgniter.php(419): CodeIgniter\CodeIgniter->runController(Object(App\Controllers\Users))
#2 C:\xampp-8.1.5\htdocs\ci4.1.9-testapi-withcomposer\vendor\codeigniter4\framework\system\CodeIgniter.php(326): CodeIgniter\CodeIgniter->handleRequest(NULL, Object(Config\Cache), false)
#3 C:\xampp-8.1.5\htdocs\ci4.1.9-testapi-withcomposer\public\index.php(37): CodeIgniter\CodeIgniter->run()
#4 C:\xampp-8.1.5\htdocs\ci4.1.9-testapi-withcomposer\vendor\codeigniter4\framework\system\Commands\Server\rewrite.php(43): require_once('C:\\xampp-8.1.5\\...')
#5 {main}
CRITICAL - 2022-05-30 01:56:38 --> Too few arguments to function App\Controllers\Users::index(), 0 passed in C:\xampp-8.1.5\htdocs\ci4.1.9-testapi-withcomposer\vendor\codeigniter4\framework\system\CodeIgniter.php on line 832 and exactly 1 expected
#0 C:\xampp-8.1.5\htdocs\ci4.1.9-testapi-withcomposer\vendor\codeigniter4\framework\system\CodeIgniter.php(832): App\Controllers\Users->index()
#1 C:\xampp-8.1.5\htdocs\ci4.1.9-testapi-withcomposer\vendor\codeigniter4\framework\system\CodeIgniter.php(419): CodeIgniter\CodeIgniter->runController(Object(App\Controllers\Users))
#2 C:\xampp-8.1.5\htdocs\ci4.1.9-testapi-withcomposer\vendor\codeigniter4\framework\system\CodeIgniter.php(326): CodeIgniter\CodeIgniter->handleRequest(NULL, Object(Config\Cache), false)
#3 C:\xampp-8.1.5\htdocs\ci4.1.9-testapi-withcomposer\public\index.php(37): CodeIgniter\CodeIgniter->run()
#4 C:\xampp-8.1.5\htdocs\ci4.1.9-testapi-withcomposer\vendor\codeigniter4\framework\system\Commands\Server\rewrite.php(43): require_once('C:\\xampp-8.1.5\\...')
#5 {main}
CRITICAL - 2022-05-30 02:26:34 --> CodeIgniter\Config\Services::response(): Argument #1 ($config) must be of type ?Config\App, array given, called in C:\xampp-8.1.5\htdocs\ci4.1.9-testapi-withcomposer\vendor\codeigniter4\framework\system\Config\BaseService.php on line 248
#0 C:\xampp-8.1.5\htdocs\ci4.1.9-testapi-withcomposer\vendor\codeigniter4\framework\system\Config\BaseService.php(248): CodeIgniter\Config\Services::response(Array)
#1 C:\xampp-8.1.5\htdocs\ci4.1.9-testapi-withcomposer\app\Filters\Authorization.php(32): CodeIgniter\Config\BaseService::__callStatic('response', Array)
#2 C:\xampp-8.1.5\htdocs\ci4.1.9-testapi-withcomposer\vendor\codeigniter4\framework\system\Filters\Filters.php(173): App\Filters\Authorization->before(Object(CodeIgniter\HTTP\IncomingRequest), NULL)
#3 C:\xampp-8.1.5\htdocs\ci4.1.9-testapi-withcomposer\vendor\codeigniter4\framework\system\CodeIgniter.php(393): CodeIgniter\Filters\Filters->run('users', 'before')
#4 C:\xampp-8.1.5\htdocs\ci4.1.9-testapi-withcomposer\vendor\codeigniter4\framework\system\CodeIgniter.php(326): CodeIgniter\CodeIgniter->handleRequest(NULL, Object(Config\Cache), false)
#5 C:\xampp-8.1.5\htdocs\ci4.1.9-testapi-withcomposer\public\index.php(37): CodeIgniter\CodeIgniter->run()
#6 C:\xampp-8.1.5\htdocs\ci4.1.9-testapi-withcomposer\vendor\codeigniter4\framework\system\Commands\Server\rewrite.php(43): require_once('C:\\xampp-8.1.5\\...')
#7 {main}
CRITICAL - 2022-05-30 02:31:37 --> Too few arguments to function App\Controllers\Users::index(), 0 passed in C:\xampp-8.1.5\htdocs\ci4.1.9-testapi-withcomposer\vendor\codeigniter4\framework\system\CodeIgniter.php on line 832 and exactly 1 expected
#0 C:\xampp-8.1.5\htdocs\ci4.1.9-testapi-withcomposer\vendor\codeigniter4\framework\system\CodeIgniter.php(832): App\Controllers\Users->index()
#1 C:\xampp-8.1.5\htdocs\ci4.1.9-testapi-withcomposer\vendor\codeigniter4\framework\system\CodeIgniter.php(419): CodeIgniter\CodeIgniter->runController(Object(App\Controllers\Users))
#2 C:\xampp-8.1.5\htdocs\ci4.1.9-testapi-withcomposer\vendor\codeigniter4\framework\system\CodeIgniter.php(326): CodeIgniter\CodeIgniter->handleRequest(NULL, Object(Config\Cache), false)
#3 C:\xampp-8.1.5\htdocs\ci4.1.9-testapi-withcomposer\public\index.php(37): CodeIgniter\CodeIgniter->run()
#4 C:\xampp-8.1.5\htdocs\ci4.1.9-testapi-withcomposer\vendor\codeigniter4\framework\system\Commands\Server\rewrite.php(43): require_once('C:\\xampp-8.1.5\\...')
#5 {main}
CRITICAL - 2022-05-30 02:33:29 --> Too few arguments to function App\Controllers\Users::index(), 0 passed in C:\xampp-8.1.5\htdocs\ci4.1.9-testapi-withcomposer\vendor\codeigniter4\framework\system\CodeIgniter.php on line 832 and exactly 1 expected
#0 C:\xampp-8.1.5\htdocs\ci4.1.9-testapi-withcomposer\vendor\codeigniter4\framework\system\CodeIgniter.php(832): App\Controllers\Users->index()
#1 C:\xampp-8.1.5\htdocs\ci4.1.9-testapi-withcomposer\vendor\codeigniter4\framework\system\CodeIgniter.php(419): CodeIgniter\CodeIgniter->runController(Object(App\Controllers\Users))
#2 C:\xampp-8.1.5\htdocs\ci4.1.9-testapi-withcomposer\vendor\codeigniter4\framework\system\CodeIgniter.php(326): CodeIgniter\CodeIgniter->handleRequest(NULL, Object(Config\Cache), false)
#3 C:\xampp-8.1.5\htdocs\ci4.1.9-testapi-withcomposer\public\index.php(37): CodeIgniter\CodeIgniter->run()
#4 C:\xampp-8.1.5\htdocs\ci4.1.9-testapi-withcomposer\vendor\codeigniter4\framework\system\Commands\Server\rewrite.php(43): require_once('C:\\xampp-8.1.5\\...')
#5 {main}
CRITICAL - 2022-05-30 02:34:03 --> Too few arguments to function App\Controllers\Users::index(), 0 passed in C:\xampp-8.1.5\htdocs\ci4.1.9-testapi-withcomposer\vendor\codeigniter4\framework\system\CodeIgniter.php on line 832 and exactly 1 expected
#0 C:\xampp-8.1.5\htdocs\ci4.1.9-testapi-withcomposer\vendor\codeigniter4\framework\system\CodeIgniter.php(832): App\Controllers\Users->index()
#1 C:\xampp-8.1.5\htdocs\ci4.1.9-testapi-withcomposer\vendor\codeigniter4\framework\system\CodeIgniter.php(419): CodeIgniter\CodeIgniter->runController(Object(App\Controllers\Users))
#2 C:\xampp-8.1.5\htdocs\ci4.1.9-testapi-withcomposer\vendor\codeigniter4\framework\system\CodeIgniter.php(326): CodeIgniter\CodeIgniter->handleRequest(NULL, Object(Config\Cache), false)
#3 C:\xampp-8.1.5\htdocs\ci4.1.9-testapi-withcomposer\public\index.php(37): CodeIgniter\CodeIgniter->run()
#4 C:\xampp-8.1.5\htdocs\ci4.1.9-testapi-withcomposer\vendor\codeigniter4\framework\system\Commands\Server\rewrite.php(43): require_once('C:\\xampp-8.1.5\\...')
#5 {main}
CRITICAL - 2022-05-30 02:35:09 --> Too few arguments to function App\Controllers\Users::index(), 0 passed in C:\xampp-8.1.5\htdocs\ci4.1.9-testapi-withcomposer\vendor\codeigniter4\framework\system\CodeIgniter.php on line 832 and exactly 1 expected
#0 C:\xampp-8.1.5\htdocs\ci4.1.9-testapi-withcomposer\vendor\codeigniter4\framework\system\CodeIgniter.php(832): App\Controllers\Users->index()
#1 C:\xampp-8.1.5\htdocs\ci4.1.9-testapi-withcomposer\vendor\codeigniter4\framework\system\CodeIgniter.php(419): CodeIgniter\CodeIgniter->runController(Object(App\Controllers\Users))
#2 C:\xampp-8.1.5\htdocs\ci4.1.9-testapi-withcomposer\vendor\codeigniter4\framework\system\CodeIgniter.php(326): CodeIgniter\CodeIgniter->handleRequest(NULL, Object(Config\Cache), false)
#3 C:\xampp-8.1.5\htdocs\ci4.1.9-testapi-withcomposer\public\index.php(37): CodeIgniter\CodeIgniter->run()
#4 C:\xampp-8.1.5\htdocs\ci4.1.9-testapi-withcomposer\vendor\codeigniter4\framework\system\Commands\Server\rewrite.php(43): require_once('C:\\xampp-8.1.5\\...')
#5 {main}
CRITICAL - 2022-05-30 02:35:18 --> Too few arguments to function App\Controllers\Users::index(), 0 passed in C:\xampp-8.1.5\htdocs\ci4.1.9-testapi-withcomposer\vendor\codeigniter4\framework\system\CodeIgniter.php on line 832 and exactly 1 expected
#0 C:\xampp-8.1.5\htdocs\ci4.1.9-testapi-withcomposer\vendor\codeigniter4\framework\system\CodeIgniter.php(832): App\Controllers\Users->index()
#1 C:\xampp-8.1.5\htdocs\ci4.1.9-testapi-withcomposer\vendor\codeigniter4\framework\system\CodeIgniter.php(419): CodeIgniter\CodeIgniter->runController(Object(App\Controllers\Users))
#2 C:\xampp-8.1.5\htdocs\ci4.1.9-testapi-withcomposer\vendor\codeigniter4\framework\system\CodeIgniter.php(326): CodeIgniter\CodeIgniter->handleRequest(NULL, Object(Config\Cache), false)
#3 C:\xampp-8.1.5\htdocs\ci4.1.9-testapi-withcomposer\public\index.php(37): CodeIgniter\CodeIgniter->run()
#4 C:\xampp-8.1.5\htdocs\ci4.1.9-testapi-withcomposer\vendor\codeigniter4\framework\system\Commands\Server\rewrite.php(43): require_once('C:\\xampp-8.1.5\\...')
#5 {main}
CRITICAL - 2022-05-30 02:35:19 --> Too few arguments to function App\Controllers\Users::index(), 0 passed in C:\xampp-8.1.5\htdocs\ci4.1.9-testapi-withcomposer\vendor\codeigniter4\framework\system\CodeIgniter.php on line 832 and exactly 1 expected
#0 C:\xampp-8.1.5\htdocs\ci4.1.9-testapi-withcomposer\vendor\codeigniter4\framework\system\CodeIgniter.php(832): App\Controllers\Users->index()
#1 C:\xampp-8.1.5\htdocs\ci4.1.9-testapi-withcomposer\vendor\codeigniter4\framework\system\CodeIgniter.php(419): CodeIgniter\CodeIgniter->runController(Object(App\Controllers\Users))
#2 C:\xampp-8.1.5\htdocs\ci4.1.9-testapi-withcomposer\vendor\codeigniter4\framework\system\CodeIgniter.php(326): CodeIgniter\CodeIgniter->handleRequest(NULL, Object(Config\Cache), false)
#3 C:\xampp-8.1.5\htdocs\ci4.1.9-testapi-withcomposer\public\index.php(37): CodeIgniter\CodeIgniter->run()
#4 C:\xampp-8.1.5\htdocs\ci4.1.9-testapi-withcomposer\vendor\codeigniter4\framework\system\Commands\Server\rewrite.php(43): require_once('C:\\xampp-8.1.5\\...')
#5 {main}
CRITICAL - 2022-05-30 02:35:41 --> Too few arguments to function App\Controllers\Users::index(), 0 passed in C:\xampp-8.1.5\htdocs\ci4.1.9-testapi-withcomposer\vendor\codeigniter4\framework\system\CodeIgniter.php on line 832 and exactly 1 expected
#0 C:\xampp-8.1.5\htdocs\ci4.1.9-testapi-withcomposer\vendor\codeigniter4\framework\system\CodeIgniter.php(832): App\Controllers\Users->index()
#1 C:\xampp-8.1.5\htdocs\ci4.1.9-testapi-withcomposer\vendor\codeigniter4\framework\system\CodeIgniter.php(419): CodeIgniter\CodeIgniter->runController(Object(App\Controllers\Users))
#2 C:\xampp-8.1.5\htdocs\ci4.1.9-testapi-withcomposer\vendor\codeigniter4\framework\system\CodeIgniter.php(326): CodeIgniter\CodeIgniter->handleRequest(NULL, Object(Config\Cache), false)
#3 C:\xampp-8.1.5\htdocs\ci4.1.9-testapi-withcomposer\public\index.php(37): CodeIgniter\CodeIgniter->run()
#4 C:\xampp-8.1.5\htdocs\ci4.1.9-testapi-withcomposer\vendor\codeigniter4\framework\system\Commands\Server\rewrite.php(43): require_once('C:\\xampp-8.1.5\\...')
#5 {main}
CRITICAL - 2022-05-30 02:35:55 --> Too few arguments to function App\Controllers\Users::index(), 0 passed in C:\xampp-8.1.5\htdocs\ci4.1.9-testapi-withcomposer\vendor\codeigniter4\framework\system\CodeIgniter.php on line 832 and exactly 1 expected
#0 C:\xampp-8.1.5\htdocs\ci4.1.9-testapi-withcomposer\vendor\codeigniter4\framework\system\CodeIgniter.php(832): App\Controllers\Users->index()
#1 C:\xampp-8.1.5\htdocs\ci4.1.9-testapi-withcomposer\vendor\codeigniter4\framework\system\CodeIgniter.php(419): CodeIgniter\CodeIgniter->runController(Object(App\Controllers\Users))
#2 C:\xampp-8.1.5\htdocs\ci4.1.9-testapi-withcomposer\vendor\codeigniter4\framework\system\CodeIgniter.php(326): CodeIgniter\CodeIgniter->handleRequest(NULL, Object(Config\Cache), false)
#3 C:\xampp-8.1.5\htdocs\ci4.1.9-testapi-withcomposer\public\index.php(37): CodeIgniter\CodeIgniter->run()
#4 C:\xampp-8.1.5\htdocs\ci4.1.9-testapi-withcomposer\vendor\codeigniter4\framework\system\Commands\Server\rewrite.php(43): require_once('C:\\xampp-8.1.5\\...')
#5 {main}
CRITICAL - 2022-05-30 02:37:39 --> Too few arguments to function App\Controllers\Users::index(), 0 passed in C:\xampp-8.1.5\htdocs\ci4.1.9-testapi-withcomposer\vendor\codeigniter4\framework\system\CodeIgniter.php on line 832 and exactly 1 expected
#0 C:\xampp-8.1.5\htdocs\ci4.1.9-testapi-withcomposer\vendor\codeigniter4\framework\system\CodeIgniter.php(832): App\Controllers\Users->index()
#1 C:\xampp-8.1.5\htdocs\ci4.1.9-testapi-withcomposer\vendor\codeigniter4\framework\system\CodeIgniter.php(419): CodeIgniter\CodeIgniter->runController(Object(App\Controllers\Users))
#2 C:\xampp-8.1.5\htdocs\ci4.1.9-testapi-withcomposer\vendor\codeigniter4\framework\system\CodeIgniter.php(326): CodeIgniter\CodeIgniter->handleRequest(NULL, Object(Config\Cache), false)
#3 C:\xampp-8.1.5\htdocs\ci4.1.9-testapi-withcomposer\public\index.php(37): CodeIgniter\CodeIgniter->run()
#4 C:\xampp-8.1.5\htdocs\ci4.1.9-testapi-withcomposer\vendor\codeigniter4\framework\system\Commands\Server\rewrite.php(43): require_once('C:\\xampp-8.1.5\\...')
#5 {main}
CRITICAL - 2022-05-30 04:28:45 --> Undefined array key 0
#0 C:\xampp-8.1.5\htdocs\ci4.1.9-testapi-withcomposer\app\Views\admin\dashboard.php(4): CodeIgniter\Debug\Exceptions->errorHandler(2, 'Undefined array...', 'C:\\xampp-8.1.5\\...', 4)
#1 C:\xampp-8.1.5\htdocs\ci4.1.9-testapi-withcomposer\vendor\codeigniter4\framework\system\View\View.php(210): include('C:\\xampp-8.1.5\\...')
#2 C:\xampp-8.1.5\htdocs\ci4.1.9-testapi-withcomposer\vendor\codeigniter4\framework\system\View\View.php(213): CodeIgniter\View\View->CodeIgniter\View\{closure}()
#3 C:\xampp-8.1.5\htdocs\ci4.1.9-testapi-withcomposer\vendor\codeigniter4\framework\system\Common.php(1089): CodeIgniter\View\View->render('admin/dashboard', Array, true)
#4 C:\xampp-8.1.5\htdocs\ci4.1.9-testapi-withcomposer\app\Controllers\Auth.php(166): view('admin/dashboard', Array)
#5 C:\xampp-8.1.5\htdocs\ci4.1.9-testapi-withcomposer\vendor\codeigniter4\framework\system\CodeIgniter.php(832): App\Controllers\Auth->processLogin()
#6 C:\xampp-8.1.5\htdocs\ci4.1.9-testapi-withcomposer\vendor\codeigniter4\framework\system\CodeIgniter.php(419): CodeIgniter\CodeIgniter->runController(Object(App\Controllers\Auth))
#7 C:\xampp-8.1.5\htdocs\ci4.1.9-testapi-withcomposer\vendor\codeigniter4\framework\system\CodeIgniter.php(326): CodeIgniter\CodeIgniter->handleRequest(NULL, Object(Config\Cache), false)
#8 C:\xampp-8.1.5\htdocs\ci4.1.9-testapi-withcomposer\public\index.php(37): CodeIgniter\CodeIgniter->run()
#9 C:\xampp-8.1.5\htdocs\ci4.1.9-testapi-withcomposer\vendor\codeigniter4\framework\system\Commands\Server\rewrite.php(43): require_once('C:\\xampp-8.1.5\\...')
#10 {main}
CRITICAL - 2022-05-30 04:30:29 --> Undefined array key 0
#0 C:\xampp-8.1.5\htdocs\ci4.1.9-testapi-withcomposer\app\Views\admin\dashboard.php(4): CodeIgniter\Debug\Exceptions->errorHandler(2, 'Undefined array...', 'C:\\xampp-8.1.5\\...', 4)
#1 C:\xampp-8.1.5\htdocs\ci4.1.9-testapi-withcomposer\vendor\codeigniter4\framework\system\View\View.php(210): include('C:\\xampp-8.1.5\\...')
#2 C:\xampp-8.1.5\htdocs\ci4.1.9-testapi-withcomposer\vendor\codeigniter4\framework\system\View\View.php(213): CodeIgniter\View\View->CodeIgniter\View\{closure}()
#3 C:\xampp-8.1.5\htdocs\ci4.1.9-testapi-withcomposer\vendor\codeigniter4\framework\system\Common.php(1089): CodeIgniter\View\View->render('admin/dashboard', Array, true)
#4 C:\xampp-8.1.5\htdocs\ci4.1.9-testapi-withcomposer\app\Controllers\Auth.php(164): view('admin/dashboard', Array)
#5 C:\xampp-8.1.5\htdocs\ci4.1.9-testapi-withcomposer\vendor\codeigniter4\framework\system\CodeIgniter.php(832): App\Controllers\Auth->processLogin()
#6 C:\xampp-8.1.5\htdocs\ci4.1.9-testapi-withcomposer\vendor\codeigniter4\framework\system\CodeIgniter.php(419): CodeIgniter\CodeIgniter->runController(Object(App\Controllers\Auth))
#7 C:\xampp-8.1.5\htdocs\ci4.1.9-testapi-withcomposer\vendor\codeigniter4\framework\system\CodeIgniter.php(326): CodeIgniter\CodeIgniter->handleRequest(NULL, Object(Config\Cache), false)
#8 C:\xampp-8.1.5\htdocs\ci4.1.9-testapi-withcomposer\public\index.php(37): CodeIgniter\CodeIgniter->run()
#9 C:\xampp-8.1.5\htdocs\ci4.1.9-testapi-withcomposer\vendor\codeigniter4\framework\system\Commands\Server\rewrite.php(43): require_once('C:\\xampp-8.1.5\\...')
#10 {main}
CRITICAL - 2022-05-30 04:31:36 --> Undefined array key 0
#0 C:\xampp-8.1.5\htdocs\ci4.1.9-testapi-withcomposer\app\Views\admin\dashboard.php(4): CodeIgniter\Debug\Exceptions->errorHandler(2, 'Undefined array...', 'C:\\xampp-8.1.5\\...', 4)
#1 C:\xampp-8.1.5\htdocs\ci4.1.9-testapi-withcomposer\vendor\codeigniter4\framework\system\View\View.php(210): include('C:\\xampp-8.1.5\\...')
#2 C:\xampp-8.1.5\htdocs\ci4.1.9-testapi-withcomposer\vendor\codeigniter4\framework\system\View\View.php(213): CodeIgniter\View\View->CodeIgniter\View\{closure}()
#3 C:\xampp-8.1.5\htdocs\ci4.1.9-testapi-withcomposer\vendor\codeigniter4\framework\system\Common.php(1089): CodeIgniter\View\View->render('admin/dashboard', Array, true)
#4 C:\xampp-8.1.5\htdocs\ci4.1.9-testapi-withcomposer\app\Controllers\Auth.php(158): view('admin/dashboard', Array)
#5 C:\xampp-8.1.5\htdocs\ci4.1.9-testapi-withcomposer\vendor\codeigniter4\framework\system\CodeIgniter.php(832): App\Controllers\Auth->processLogin()
#6 C:\xampp-8.1.5\htdocs\ci4.1.9-testapi-withcomposer\vendor\codeigniter4\framework\system\CodeIgniter.php(419): CodeIgniter\CodeIgniter->runController(Object(App\Controllers\Auth))
#7 C:\xampp-8.1.5\htdocs\ci4.1.9-testapi-withcomposer\vendor\codeigniter4\framework\system\CodeIgniter.php(326): CodeIgniter\CodeIgniter->handleRequest(NULL, Object(Config\Cache), false)
#8 C:\xampp-8.1.5\htdocs\ci4.1.9-testapi-withcomposer\public\index.php(37): CodeIgniter\CodeIgniter->run()
#9 C:\xampp-8.1.5\htdocs\ci4.1.9-testapi-withcomposer\vendor\codeigniter4\framework\system\Commands\Server\rewrite.php(43): require_once('C:\\xampp-8.1.5\\...')
#10 {main}
CRITICAL - 2022-05-30 04:33:30 --> Undefined array key 0
#0 C:\xampp-8.1.5\htdocs\ci4.1.9-testapi-withcomposer\app\Views\admin\dashboard.php(4): CodeIgniter\Debug\Exceptions->errorHandler(2, 'Undefined array...', 'C:\\xampp-8.1.5\\...', 4)
#1 C:\xampp-8.1.5\htdocs\ci4.1.9-testapi-withcomposer\vendor\codeigniter4\framework\system\View\View.php(210): include('C:\\xampp-8.1.5\\...')
#2 C:\xampp-8.1.5\htdocs\ci4.1.9-testapi-withcomposer\vendor\codeigniter4\framework\system\View\View.php(213): CodeIgniter\View\View->CodeIgniter\View\{closure}()
#3 C:\xampp-8.1.5\htdocs\ci4.1.9-testapi-withcomposer\vendor\codeigniter4\framework\system\Common.php(1089): CodeIgniter\View\View->render('admin/dashboard', Array, true)
#4 C:\xampp-8.1.5\htdocs\ci4.1.9-testapi-withcomposer\app\Controllers\Auth.php(158): view('admin/dashboard', Array)
#5 C:\xampp-8.1.5\htdocs\ci4.1.9-testapi-withcomposer\vendor\codeigniter4\framework\system\CodeIgniter.php(832): App\Controllers\Auth->processLogin()
#6 C:\xampp-8.1.5\htdocs\ci4.1.9-testapi-withcomposer\vendor\codeigniter4\framework\system\CodeIgniter.php(419): CodeIgniter\CodeIgniter->runController(Object(App\Controllers\Auth))
#7 C:\xampp-8.1.5\htdocs\ci4.1.9-testapi-withcomposer\vendor\codeigniter4\framework\system\CodeIgniter.php(326): CodeIgniter\CodeIgniter->handleRequest(NULL, Object(Config\Cache), false)
#8 C:\xampp-8.1.5\htdocs\ci4.1.9-testapi-withcomposer\public\index.php(37): CodeIgniter\CodeIgniter->run()
#9 C:\xampp-8.1.5\htdocs\ci4.1.9-testapi-withcomposer\vendor\codeigniter4\framework\system\Commands\Server\rewrite.php(43): require_once('C:\\xampp-8.1.5\\...')
#10 {main}
CRITICAL - 2022-05-30 04:39:51 --> Undefined variable $usernameUser
#0 C:\xampp-8.1.5\htdocs\ci4.1.9-testapi-withcomposer\app\Views\admin\dashboard.php(14): CodeIgniter\Debug\Exceptions->errorHandler(2, 'Undefined varia...', 'C:\\xampp-8.1.5\\...', 14)
#1 C:\xampp-8.1.5\htdocs\ci4.1.9-testapi-withcomposer\vendor\codeigniter4\framework\system\View\View.php(210): include('C:\\xampp-8.1.5\\...')
#2 C:\xampp-8.1.5\htdocs\ci4.1.9-testapi-withcomposer\vendor\codeigniter4\framework\system\View\View.php(213): CodeIgniter\View\View->CodeIgniter\View\{closure}()
#3 C:\xampp-8.1.5\htdocs\ci4.1.9-testapi-withcomposer\vendor\codeigniter4\framework\system\Common.php(1089): CodeIgniter\View\View->render('admin/dashboard', Array, true)
#4 C:\xampp-8.1.5\htdocs\ci4.1.9-testapi-withcomposer\app\Controllers\Auth.php(159): view('admin/dashboard', Array)
#5 C:\xampp-8.1.5\htdocs\ci4.1.9-testapi-withcomposer\vendor\codeigniter4\framework\system\CodeIgniter.php(832): App\Controllers\Auth->processLogin()
#6 C:\xampp-8.1.5\htdocs\ci4.1.9-testapi-withcomposer\vendor\codeigniter4\framework\system\CodeIgniter.php(419): CodeIgniter\CodeIgniter->runController(Object(App\Controllers\Auth))
#7 C:\xampp-8.1.5\htdocs\ci4.1.9-testapi-withcomposer\vendor\codeigniter4\framework\system\CodeIgniter.php(326): CodeIgniter\CodeIgniter->handleRequest(NULL, Object(Config\Cache), false)
#8 C:\xampp-8.1.5\htdocs\ci4.1.9-testapi-withcomposer\public\index.php(37): CodeIgniter\CodeIgniter->run()
#9 C:\xampp-8.1.5\htdocs\ci4.1.9-testapi-withcomposer\vendor\codeigniter4\framework\system\Commands\Server\rewrite.php(43): require_once('C:\\xampp-8.1.5\\...')
#10 {main}
CRITICAL - 2022-05-30 04:40:07 --> Undefined variable $usernameUser
#0 C:\xampp-8.1.5\htdocs\ci4.1.9-testapi-withcomposer\app\Views\admin\dashboard.php(14): CodeIgniter\Debug\Exceptions->errorHandler(2, 'Undefined varia...', 'C:\\xampp-8.1.5\\...', 14)
#1 C:\xampp-8.1.5\htdocs\ci4.1.9-testapi-withcomposer\vendor\codeigniter4\framework\system\View\View.php(210): include('C:\\xampp-8.1.5\\...')
#2 C:\xampp-8.1.5\htdocs\ci4.1.9-testapi-withcomposer\vendor\codeigniter4\framework\system\View\View.php(213): CodeIgniter\View\View->CodeIgniter\View\{closure}()
#3 C:\xampp-8.1.5\htdocs\ci4.1.9-testapi-withcomposer\vendor\codeigniter4\framework\system\Common.php(1089): CodeIgniter\View\View->render('admin/dashboard', Array, true)
#4 C:\xampp-8.1.5\htdocs\ci4.1.9-testapi-withcomposer\app\Controllers\Auth.php(159): view('admin/dashboard', Array)
#5 C:\xampp-8.1.5\htdocs\ci4.1.9-testapi-withcomposer\vendor\codeigniter4\framework\system\CodeIgniter.php(832): App\Controllers\Auth->processLogin()
#6 C:\xampp-8.1.5\htdocs\ci4.1.9-testapi-withcomposer\vendor\codeigniter4\framework\system\CodeIgniter.php(419): CodeIgniter\CodeIgniter->runController(Object(App\Controllers\Auth))
#7 C:\xampp-8.1.5\htdocs\ci4.1.9-testapi-withcomposer\vendor\codeigniter4\framework\system\CodeIgniter.php(326): CodeIgniter\CodeIgniter->handleRequest(NULL, Object(Config\Cache), false)
#8 C:\xampp-8.1.5\htdocs\ci4.1.9-testapi-withcomposer\public\index.php(37): CodeIgniter\CodeIgniter->run()
#9 C:\xampp-8.1.5\htdocs\ci4.1.9-testapi-withcomposer\vendor\codeigniter4\framework\system\Commands\Server\rewrite.php(43): require_once('C:\\xampp-8.1.5\\...')
#10 {main}
CRITICAL - 2022-05-30 04:40:59 --> Undefined array key "username"
#0 C:\xampp-8.1.5\htdocs\ci4.1.9-testapi-withcomposer\app\Views\admin\dashboard.php(14): CodeIgniter\Debug\Exceptions->errorHandler(2, 'Undefined array...', 'C:\\xampp-8.1.5\\...', 14)
#1 C:\xampp-8.1.5\htdocs\ci4.1.9-testapi-withcomposer\vendor\codeigniter4\framework\system\View\View.php(210): include('C:\\xampp-8.1.5\\...')
#2 C:\xampp-8.1.5\htdocs\ci4.1.9-testapi-withcomposer\vendor\codeigniter4\framework\system\View\View.php(213): CodeIgniter\View\View->CodeIgniter\View\{closure}()
#3 C:\xampp-8.1.5\htdocs\ci4.1.9-testapi-withcomposer\vendor\codeigniter4\framework\system\Common.php(1089): CodeIgniter\View\View->render('admin/dashboard', Array, true)
#4 C:\xampp-8.1.5\htdocs\ci4.1.9-testapi-withcomposer\app\Controllers\Auth.php(159): view('admin/dashboard', Array)
#5 C:\xampp-8.1.5\htdocs\ci4.1.9-testapi-withcomposer\vendor\codeigniter4\framework\system\CodeIgniter.php(832): App\Controllers\Auth->processLogin()
#6 C:\xampp-8.1.5\htdocs\ci4.1.9-testapi-withcomposer\vendor\codeigniter4\framework\system\CodeIgniter.php(419): CodeIgniter\CodeIgniter->runController(Object(App\Controllers\Auth))
#7 C:\xampp-8.1.5\htdocs\ci4.1.9-testapi-withcomposer\vendor\codeigniter4\framework\system\CodeIgniter.php(326): CodeIgniter\CodeIgniter->handleRequest(NULL, Object(Config\Cache), false)
#8 C:\xampp-8.1.5\htdocs\ci4.1.9-testapi-withcomposer\public\index.php(37): CodeIgniter\CodeIgniter->run()
#9 C:\xampp-8.1.5\htdocs\ci4.1.9-testapi-withcomposer\vendor\codeigniter4\framework\system\Commands\Server\rewrite.php(43): require_once('C:\\xampp-8.1.5\\...')
#10 {main}
CRITICAL - 2022-05-30 04:41:17 --> Undefined array key "username"
#0 C:\xampp-8.1.5\htdocs\ci4.1.9-testapi-withcomposer\app\Views\admin\dashboard.php(14): CodeIgniter\Debug\Exceptions->errorHandler(2, 'Undefined array...', 'C:\\xampp-8.1.5\\...', 14)
#1 C:\xampp-8.1.5\htdocs\ci4.1.9-testapi-withcomposer\vendor\codeigniter4\framework\system\View\View.php(210): include('C:\\xampp-8.1.5\\...')
#2 C:\xampp-8.1.5\htdocs\ci4.1.9-testapi-withcomposer\vendor\codeigniter4\framework\system\View\View.php(213): CodeIgniter\View\View->CodeIgniter\View\{closure}()
#3 C:\xampp-8.1.5\htdocs\ci4.1.9-testapi-withcomposer\vendor\codeigniter4\framework\system\Common.php(1089): CodeIgniter\View\View->render('admin/dashboard', Array, true)
#4 C:\xampp-8.1.5\htdocs\ci4.1.9-testapi-withcomposer\app\Controllers\Auth.php(159): view('admin/dashboard', Array)
#5 C:\xampp-8.1.5\htdocs\ci4.1.9-testapi-withcomposer\vendor\codeigniter4\framework\system\CodeIgniter.php(832): App\Controllers\Auth->processLogin()
#6 C:\xampp-8.1.5\htdocs\ci4.1.9-testapi-withcomposer\vendor\codeigniter4\framework\system\CodeIgniter.php(419): CodeIgniter\CodeIgniter->runController(Object(App\Controllers\Auth))
#7 C:\xampp-8.1.5\htdocs\ci4.1.9-testapi-withcomposer\vendor\codeigniter4\framework\system\CodeIgniter.php(326): CodeIgniter\CodeIgniter->handleRequest(NULL, Object(Config\Cache), false)
#8 C:\xampp-8.1.5\htdocs\ci4.1.9-testapi-withcomposer\public\index.php(37): CodeIgniter\CodeIgniter->run()
#9 C:\xampp-8.1.5\htdocs\ci4.1.9-testapi-withcomposer\vendor\codeigniter4\framework\system\Commands\Server\rewrite.php(43): require_once('C:\\xampp-8.1.5\\...')
#10 {main}
CRITICAL - 2022-05-30 04:43:42 --> Undefined variable $fakeToken
#0 C:\xampp-8.1.5\htdocs\ci4.1.9-testapi-withcomposer\app\Views\admin\dashboard.php(15): CodeIgniter\Debug\Exceptions->errorHandler(2, 'Undefined varia...', 'C:\\xampp-8.1.5\\...', 15)
#1 C:\xampp-8.1.5\htdocs\ci4.1.9-testapi-withcomposer\vendor\codeigniter4\framework\system\View\View.php(210): include('C:\\xampp-8.1.5\\...')
#2 C:\xampp-8.1.5\htdocs\ci4.1.9-testapi-withcomposer\vendor\codeigniter4\framework\system\View\View.php(213): CodeIgniter\View\View->CodeIgniter\View\{closure}()
#3 C:\xampp-8.1.5\htdocs\ci4.1.9-testapi-withcomposer\vendor\codeigniter4\framework\system\Common.php(1089): CodeIgniter\View\View->render('admin/dashboard', Array, true)
#4 C:\xampp-8.1.5\htdocs\ci4.1.9-testapi-withcomposer\app\Controllers\Auth.php(160): view('admin/dashboard', Array)
#5 C:\xampp-8.1.5\htdocs\ci4.1.9-testapi-withcomposer\vendor\codeigniter4\framework\system\CodeIgniter.php(832): App\Controllers\Auth->processLogin()
#6 C:\xampp-8.1.5\htdocs\ci4.1.9-testapi-withcomposer\vendor\codeigniter4\framework\system\CodeIgniter.php(419): CodeIgniter\CodeIgniter->runController(Object(App\Controllers\Auth))
#7 C:\xampp-8.1.5\htdocs\ci4.1.9-testapi-withcomposer\vendor\codeigniter4\framework\system\CodeIgniter.php(326): CodeIgniter\CodeIgniter->handleRequest(NULL, Object(Config\Cache), false)
#8 C:\xampp-8.1.5\htdocs\ci4.1.9-testapi-withcomposer\public\index.php(37): CodeIgniter\CodeIgniter->run()
#9 C:\xampp-8.1.5\htdocs\ci4.1.9-testapi-withcomposer\vendor\codeigniter4\framework\system\Commands\Server\rewrite.php(43): require_once('C:\\xampp-8.1.5\\...')
#10 {main}
CRITICAL - 2022-05-30 04:57:50 --> Undefined variable $token
#0 C:\xampp-8.1.5\htdocs\ci4.1.9-testapi-withcomposer\app\Views\login.php(51): CodeIgniter\Debug\Exceptions->errorHandler(2, 'Undefined varia...', 'C:\\xampp-8.1.5\\...', 51)
#1 C:\xampp-8.1.5\htdocs\ci4.1.9-testapi-withcomposer\vendor\codeigniter4\framework\system\View\View.php(210): include('C:\\xampp-8.1.5\\...')
#2 C:\xampp-8.1.5\htdocs\ci4.1.9-testapi-withcomposer\vendor\codeigniter4\framework\system\View\View.php(213): CodeIgniter\View\View->CodeIgniter\View\{closure}()
#3 C:\xampp-8.1.5\htdocs\ci4.1.9-testapi-withcomposer\vendor\codeigniter4\framework\system\Common.php(1089): CodeIgniter\View\View->render('login', Array, true)
#4 C:\xampp-8.1.5\htdocs\ci4.1.9-testapi-withcomposer\app\Controllers\Auth.php(119): view('login', Array)
#5 C:\xampp-8.1.5\htdocs\ci4.1.9-testapi-withcomposer\vendor\codeigniter4\framework\system\CodeIgniter.php(832): App\Controllers\Auth->processLogin()
#6 C:\xampp-8.1.5\htdocs\ci4.1.9-testapi-withcomposer\vendor\codeigniter4\framework\system\CodeIgniter.php(419): CodeIgniter\CodeIgniter->runController(Object(App\Controllers\Auth))
#7 C:\xampp-8.1.5\htdocs\ci4.1.9-testapi-withcomposer\vendor\codeigniter4\framework\system\CodeIgniter.php(326): CodeIgniter\CodeIgniter->handleRequest(NULL, Object(Config\Cache), false)
#8 C:\xampp-8.1.5\htdocs\ci4.1.9-testapi-withcomposer\public\index.php(37): CodeIgniter\CodeIgniter->run()
#9 C:\xampp-8.1.5\htdocs\ci4.1.9-testapi-withcomposer\vendor\codeigniter4\framework\system\Commands\Server\rewrite.php(43): require_once('C:\\xampp-8.1.5\\...')
#10 {main}
CRITICAL - 2022-05-30 04:58:35 --> Undefined variable $token
#0 C:\xampp-8.1.5\htdocs\ci4.1.9-testapi-withcomposer\app\Views\login.php(50): CodeIgniter\Debug\Exceptions->errorHandler(2, 'Undefined varia...', 'C:\\xampp-8.1.5\\...', 50)
#1 C:\xampp-8.1.5\htdocs\ci4.1.9-testapi-withcomposer\vendor\codeigniter4\framework\system\View\View.php(210): include('C:\\xampp-8.1.5\\...')
#2 C:\xampp-8.1.5\htdocs\ci4.1.9-testapi-withcomposer\vendor\codeigniter4\framework\system\View\View.php(213): CodeIgniter\View\View->CodeIgniter\View\{closure}()
#3 C:\xampp-8.1.5\htdocs\ci4.1.9-testapi-withcomposer\vendor\codeigniter4\framework\system\Common.php(1089): CodeIgniter\View\View->render('login', Array, true)
#4 C:\xampp-8.1.5\htdocs\ci4.1.9-testapi-withcomposer\app\Controllers\Auth.php(119): view('login', Array)
#5 C:\xampp-8.1.5\htdocs\ci4.1.9-testapi-withcomposer\vendor\codeigniter4\framework\system\CodeIgniter.php(832): App\Controllers\Auth->processLogin()
#6 C:\xampp-8.1.5\htdocs\ci4.1.9-testapi-withcomposer\vendor\codeigniter4\framework\system\CodeIgniter.php(419): CodeIgniter\CodeIgniter->runController(Object(App\Controllers\Auth))
#7 C:\xampp-8.1.5\htdocs\ci4.1.9-testapi-withcomposer\vendor\codeigniter4\framework\system\CodeIgniter.php(326): CodeIgniter\CodeIgniter->handleRequest(NULL, Object(Config\Cache), false)
#8 C:\xampp-8.1.5\htdocs\ci4.1.9-testapi-withcomposer\public\index.php(37): CodeIgniter\CodeIgniter->run()
#9 C:\xampp-8.1.5\htdocs\ci4.1.9-testapi-withcomposer\vendor\codeigniter4\framework\system\Commands\Server\rewrite.php(43): require_once('C:\\xampp-8.1.5\\...')
#10 {main}
CRITICAL - 2022-05-30 04:58:37 --> Undefined variable $token
#0 C:\xampp-8.1.5\htdocs\ci4.1.9-testapi-withcomposer\app\Views\login.php(50): CodeIgniter\Debug\Exceptions->errorHandler(2, 'Undefined varia...', 'C:\\xampp-8.1.5\\...', 50)
#1 C:\xampp-8.1.5\htdocs\ci4.1.9-testapi-withcomposer\vendor\codeigniter4\framework\system\View\View.php(210): include('C:\\xampp-8.1.5\\...')
#2 C:\xampp-8.1.5\htdocs\ci4.1.9-testapi-withcomposer\vendor\codeigniter4\framework\system\View\View.php(213): CodeIgniter\View\View->CodeIgniter\View\{closure}()
#3 C:\xampp-8.1.5\htdocs\ci4.1.9-testapi-withcomposer\vendor\codeigniter4\framework\system\Common.php(1089): CodeIgniter\View\View->render('login', Array, true)
#4 C:\xampp-8.1.5\htdocs\ci4.1.9-testapi-withcomposer\app\Controllers\Auth.php(119): view('login', Array)
#5 C:\xampp-8.1.5\htdocs\ci4.1.9-testapi-withcomposer\vendor\codeigniter4\framework\system\CodeIgniter.php(832): App\Controllers\Auth->processLogin()
#6 C:\xampp-8.1.5\htdocs\ci4.1.9-testapi-withcomposer\vendor\codeigniter4\framework\system\CodeIgniter.php(419): CodeIgniter\CodeIgniter->runController(Object(App\Controllers\Auth))
#7 C:\xampp-8.1.5\htdocs\ci4.1.9-testapi-withcomposer\vendor\codeigniter4\framework\system\CodeIgniter.php(326): CodeIgniter\CodeIgniter->handleRequest(NULL, Object(Config\Cache), false)
#8 C:\xampp-8.1.5\htdocs\ci4.1.9-testapi-withcomposer\public\index.php(37): CodeIgniter\CodeIgniter->run()
#9 C:\xampp-8.1.5\htdocs\ci4.1.9-testapi-withcomposer\vendor\codeigniter4\framework\system\Commands\Server\rewrite.php(43): require_once('C:\\xampp-8.1.5\\...')
#10 {main}
CRITICAL - 2022-05-30 04:59:02 --> Undefined variable $token
#0 C:\xampp-8.1.5\htdocs\ci4.1.9-testapi-withcomposer\app\Views\login.php(50): CodeIgniter\Debug\Exceptions->errorHandler(2, 'Undefined varia...', 'C:\\xampp-8.1.5\\...', 50)
#1 C:\xampp-8.1.5\htdocs\ci4.1.9-testapi-withcomposer\vendor\codeigniter4\framework\system\View\View.php(210): include('C:\\xampp-8.1.5\\...')
#2 C:\xampp-8.1.5\htdocs\ci4.1.9-testapi-withcomposer\vendor\codeigniter4\framework\system\View\View.php(213): CodeIgniter\View\View->CodeIgniter\View\{closure}()
#3 C:\xampp-8.1.5\htdocs\ci4.1.9-testapi-withcomposer\vendor\codeigniter4\framework\system\Common.php(1089): CodeIgniter\View\View->render('login', Array, true)
#4 C:\xampp-8.1.5\htdocs\ci4.1.9-testapi-withcomposer\app\Controllers\Auth.php(119): view('login', Array)
#5 C:\xampp-8.1.5\htdocs\ci4.1.9-testapi-withcomposer\vendor\codeigniter4\framework\system\CodeIgniter.php(832): App\Controllers\Auth->processLogin()
#6 C:\xampp-8.1.5\htdocs\ci4.1.9-testapi-withcomposer\vendor\codeigniter4\framework\system\CodeIgniter.php(419): CodeIgniter\CodeIgniter->runController(Object(App\Controllers\Auth))
#7 C:\xampp-8.1.5\htdocs\ci4.1.9-testapi-withcomposer\vendor\codeigniter4\framework\system\CodeIgniter.php(326): CodeIgniter\CodeIgniter->handleRequest(NULL, Object(Config\Cache), false)
#8 C:\xampp-8.1.5\htdocs\ci4.1.9-testapi-withcomposer\public\index.php(37): CodeIgniter\CodeIgniter->run()
#9 C:\xampp-8.1.5\htdocs\ci4.1.9-testapi-withcomposer\vendor\codeigniter4\framework\system\Commands\Server\rewrite.php(43): require_once('C:\\xampp-8.1.5\\...')
#10 {main}
CRITICAL - 2022-05-30 04:59:08 --> Undefined variable $token
#0 C:\xampp-8.1.5\htdocs\ci4.1.9-testapi-withcomposer\app\Views\login.php(50): CodeIgniter\Debug\Exceptions->errorHandler(2, 'Undefined varia...', 'C:\\xampp-8.1.5\\...', 50)
#1 C:\xampp-8.1.5\htdocs\ci4.1.9-testapi-withcomposer\vendor\codeigniter4\framework\system\View\View.php(210): include('C:\\xampp-8.1.5\\...')
#2 C:\xampp-8.1.5\htdocs\ci4.1.9-testapi-withcomposer\vendor\codeigniter4\framework\system\View\View.php(213): CodeIgniter\View\View->CodeIgniter\View\{closure}()
#3 C:\xampp-8.1.5\htdocs\ci4.1.9-testapi-withcomposer\vendor\codeigniter4\framework\system\Common.php(1089): CodeIgniter\View\View->render('login', Array, true)
#4 C:\xampp-8.1.5\htdocs\ci4.1.9-testapi-withcomposer\app\Controllers\Auth.php(21): view('login')
#5 C:\xampp-8.1.5\htdocs\ci4.1.9-testapi-withcomposer\vendor\codeigniter4\framework\system\CodeIgniter.php(832): App\Controllers\Auth->login()
#6 C:\xampp-8.1.5\htdocs\ci4.1.9-testapi-withcomposer\vendor\codeigniter4\framework\system\CodeIgniter.php(419): CodeIgniter\CodeIgniter->runController(Object(App\Controllers\Auth))
#7 C:\xampp-8.1.5\htdocs\ci4.1.9-testapi-withcomposer\vendor\codeigniter4\framework\system\CodeIgniter.php(326): CodeIgniter\CodeIgniter->handleRequest(NULL, Object(Config\Cache), false)
#8 C:\xampp-8.1.5\htdocs\ci4.1.9-testapi-withcomposer\public\index.php(37): CodeIgniter\CodeIgniter->run()
#9 C:\xampp-8.1.5\htdocs\ci4.1.9-testapi-withcomposer\vendor\codeigniter4\framework\system\Commands\Server\rewrite.php(43): require_once('C:\\xampp-8.1.5\\...')
#10 {main}
CRITICAL - 2022-05-30 20:12:09 -->  route cannot be found while reverse-routing.
#0 C:\xampp-8.1.5\htdocs\ci4.1.9-testapi-withcomposer\vendor\codeigniter4\framework\system\HTTP\RedirectResponse.php(56): CodeIgniter\HTTP\Exceptions\HTTPException::forInvalidRedirectRoute('')
#1 C:\xampp-8.1.5\htdocs\ci4.1.9-testapi-withcomposer\vendor\codeigniter4\framework\system\Common.php(832): CodeIgniter\HTTP\RedirectResponse->route(false)
#2 C:\xampp-8.1.5\htdocs\ci4.1.9-testapi-withcomposer\app\Controllers\Auth.php(164): redirect('dashboardUser', Array)
#3 C:\xampp-8.1.5\htdocs\ci4.1.9-testapi-withcomposer\vendor\codeigniter4\framework\system\CodeIgniter.php(832): App\Controllers\Auth->processLogin()
#4 C:\xampp-8.1.5\htdocs\ci4.1.9-testapi-withcomposer\vendor\codeigniter4\framework\system\CodeIgniter.php(419): CodeIgniter\CodeIgniter->runController(Object(App\Controllers\Auth))
#5 C:\xampp-8.1.5\htdocs\ci4.1.9-testapi-withcomposer\vendor\codeigniter4\framework\system\CodeIgniter.php(326): CodeIgniter\CodeIgniter->handleRequest(NULL, Object(Config\Cache), false)
#6 C:\xampp-8.1.5\htdocs\ci4.1.9-testapi-withcomposer\public\index.php(37): CodeIgniter\CodeIgniter->run()
#7 C:\xampp-8.1.5\htdocs\ci4.1.9-testapi-withcomposer\vendor\codeigniter4\framework\system\Commands\Server\rewrite.php(43): require_once('C:\\xampp-8.1.5\\...')
#8 {main}
CRITICAL - 2022-05-30 20:12:51 -->  route cannot be found while reverse-routing.
#0 C:\xampp-8.1.5\htdocs\ci4.1.9-testapi-withcomposer\vendor\codeigniter4\framework\system\HTTP\RedirectResponse.php(56): CodeIgniter\HTTP\Exceptions\HTTPException::forInvalidRedirectRoute('')
#1 C:\xampp-8.1.5\htdocs\ci4.1.9-testapi-withcomposer\vendor\codeigniter4\framework\system\Common.php(832): CodeIgniter\HTTP\RedirectResponse->route(false)
#2 C:\xampp-8.1.5\htdocs\ci4.1.9-testapi-withcomposer\app\Controllers\Auth.php(164): redirect('dashboardUser', Array)
#3 C:\xampp-8.1.5\htdocs\ci4.1.9-testapi-withcomposer\vendor\codeigniter4\framework\system\CodeIgniter.php(832): App\Controllers\Auth->processLogin()
#4 C:\xampp-8.1.5\htdocs\ci4.1.9-testapi-withcomposer\vendor\codeigniter4\framework\system\CodeIgniter.php(419): CodeIgniter\CodeIgniter->runController(Object(App\Controllers\Auth))
#5 C:\xampp-8.1.5\htdocs\ci4.1.9-testapi-withcomposer\vendor\codeigniter4\framework\system\CodeIgniter.php(326): CodeIgniter\CodeIgniter->handleRequest(NULL, Object(Config\Cache), false)
#6 C:\xampp-8.1.5\htdocs\ci4.1.9-testapi-withcomposer\public\index.php(37): CodeIgniter\CodeIgniter->run()
#7 C:\xampp-8.1.5\htdocs\ci4.1.9-testapi-withcomposer\vendor\codeigniter4\framework\system\Commands\Server\rewrite.php(43): require_once('C:\\xampp-8.1.5\\...')
#8 {main}
CRITICAL - 2022-05-30 20:14:56 --> view(): Argument #2 ($data) must be of type array, string given, called in C:\xampp-8.1.5\htdocs\ci4.1.9-testapi-withcomposer\app\Controllers\Auth.php on line 172
#0 C:\xampp-8.1.5\htdocs\ci4.1.9-testapi-withcomposer\app\Controllers\Auth.php(172): view('admin/dashboard', 'dashboardUser')
#1 C:\xampp-8.1.5\htdocs\ci4.1.9-testapi-withcomposer\app\Controllers\Auth.php(164): App\Controllers\Auth->dashboardUser('dashboardUser', Array)
#2 C:\xampp-8.1.5\htdocs\ci4.1.9-testapi-withcomposer\vendor\codeigniter4\framework\system\CodeIgniter.php(832): App\Controllers\Auth->processLogin()
#3 C:\xampp-8.1.5\htdocs\ci4.1.9-testapi-withcomposer\vendor\codeigniter4\framework\system\CodeIgniter.php(419): CodeIgniter\CodeIgniter->runController(Object(App\Controllers\Auth))
#4 C:\xampp-8.1.5\htdocs\ci4.1.9-testapi-withcomposer\vendor\codeigniter4\framework\system\CodeIgniter.php(326): CodeIgniter\CodeIgniter->handleRequest(NULL, Object(Config\Cache), false)
#5 C:\xampp-8.1.5\htdocs\ci4.1.9-testapi-withcomposer\public\index.php(37): CodeIgniter\CodeIgniter->run()
#6 C:\xampp-8.1.5\htdocs\ci4.1.9-testapi-withcomposer\vendor\codeigniter4\framework\system\Commands\Server\rewrite.php(43): require_once('C:\\xampp-8.1.5\\...')
#7 {main}
CRITICAL - 2022-05-30 20:15:21 --> Undefined variable $dataUser
#0 C:\xampp-8.1.5\htdocs\ci4.1.9-testapi-withcomposer\app\Views\admin\dashboard.php(14): CodeIgniter\Debug\Exceptions->errorHandler(2, 'Undefined varia...', 'C:\\xampp-8.1.5\\...', 14)
#1 C:\xampp-8.1.5\htdocs\ci4.1.9-testapi-withcomposer\vendor\codeigniter4\framework\system\View\View.php(210): include('C:\\xampp-8.1.5\\...')
#2 C:\xampp-8.1.5\htdocs\ci4.1.9-testapi-withcomposer\vendor\codeigniter4\framework\system\View\View.php(213): CodeIgniter\View\View->CodeIgniter\View\{closure}()
#3 C:\xampp-8.1.5\htdocs\ci4.1.9-testapi-withcomposer\vendor\codeigniter4\framework\system\Common.php(1089): CodeIgniter\View\View->render('admin/dashboard', Array, true)
#4 C:\xampp-8.1.5\htdocs\ci4.1.9-testapi-withcomposer\app\Controllers\Auth.php(172): view('admin/dashboard')
#5 C:\xampp-8.1.5\htdocs\ci4.1.9-testapi-withcomposer\app\Controllers\Auth.php(164): App\Controllers\Auth->dashboardUser('dashboardUser')
#6 C:\xampp-8.1.5\htdocs\ci4.1.9-testapi-withcomposer\vendor\codeigniter4\framework\system\CodeIgniter.php(832): App\Controllers\Auth->processLogin()
#7 C:\xampp-8.1.5\htdocs\ci4.1.9-testapi-withcomposer\vendor\codeigniter4\framework\system\CodeIgniter.php(419): CodeIgniter\CodeIgniter->runController(Object(App\Controllers\Auth))
#8 C:\xampp-8.1.5\htdocs\ci4.1.9-testapi-withcomposer\vendor\codeigniter4\framework\system\CodeIgniter.php(326): CodeIgniter\CodeIgniter->handleRequest(NULL, Object(Config\Cache), false)
#9 C:\xampp-8.1.5\htdocs\ci4.1.9-testapi-withcomposer\public\index.php(37): CodeIgniter\CodeIgniter->run()
#10 C:\xampp-8.1.5\htdocs\ci4.1.9-testapi-withcomposer\vendor\codeigniter4\framework\system\Commands\Server\rewrite.php(43): require_once('C:\\xampp-8.1.5\\...')
#11 {main}
CRITICAL - 2022-05-30 20:15:44 -->  route cannot be found while reverse-routing.
#0 C:\xampp-8.1.5\htdocs\ci4.1.9-testapi-withcomposer\vendor\codeigniter4\framework\system\HTTP\RedirectResponse.php(56): CodeIgniter\HTTP\Exceptions\HTTPException::forInvalidRedirectRoute('')
#1 C:\xampp-8.1.5\htdocs\ci4.1.9-testapi-withcomposer\vendor\codeigniter4\framework\system\Common.php(832): CodeIgniter\HTTP\RedirectResponse->route(false)
#2 C:\xampp-8.1.5\htdocs\ci4.1.9-testapi-withcomposer\app\Controllers\Auth.php(164): redirect('dashboardUser')
#3 C:\xampp-8.1.5\htdocs\ci4.1.9-testapi-withcomposer\vendor\codeigniter4\framework\system\CodeIgniter.php(832): App\Controllers\Auth->processLogin()
#4 C:\xampp-8.1.5\htdocs\ci4.1.9-testapi-withcomposer\vendor\codeigniter4\framework\system\CodeIgniter.php(419): CodeIgniter\CodeIgniter->runController(Object(App\Controllers\Auth))
#5 C:\xampp-8.1.5\htdocs\ci4.1.9-testapi-withcomposer\vendor\codeigniter4\framework\system\CodeIgniter.php(326): CodeIgniter\CodeIgniter->handleRequest(NULL, Object(Config\Cache), false)
#6 C:\xampp-8.1.5\htdocs\ci4.1.9-testapi-withcomposer\public\index.php(37): CodeIgniter\CodeIgniter->run()
#7 C:\xampp-8.1.5\htdocs\ci4.1.9-testapi-withcomposer\vendor\codeigniter4\framework\system\Commands\Server\rewrite.php(43): require_once('C:\\xampp-8.1.5\\...')
#8 {main}
CRITICAL - 2022-05-30 20:20:42 --> Undefined variable $dataUser
#0 C:\xampp-8.1.5\htdocs\ci4.1.9-testapi-withcomposer\app\Views\admin\dashboard.php(14): CodeIgniter\Debug\Exceptions->errorHandler(2, 'Undefined varia...', 'C:\\xampp-8.1.5\\...', 14)
#1 C:\xampp-8.1.5\htdocs\ci4.1.9-testapi-withcomposer\vendor\codeigniter4\framework\system\View\View.php(210): include('C:\\xampp-8.1.5\\...')
#2 C:\xampp-8.1.5\htdocs\ci4.1.9-testapi-withcomposer\vendor\codeigniter4\framework\system\View\View.php(213): CodeIgniter\View\View->CodeIgniter\View\{closure}()
#3 C:\xampp-8.1.5\htdocs\ci4.1.9-testapi-withcomposer\vendor\codeigniter4\framework\system\Common.php(1089): CodeIgniter\View\View->render('admin/dashboard', Array, true)
#4 C:\xampp-8.1.5\htdocs\ci4.1.9-testapi-withcomposer\app\Controllers\Auth.php(172): view('admin/dashboard')
#5 C:\xampp-8.1.5\htdocs\ci4.1.9-testapi-withcomposer\vendor\codeigniter4\framework\system\CodeIgniter.php(832): App\Controllers\Auth->dashboardUser()
#6 C:\xampp-8.1.5\htdocs\ci4.1.9-testapi-withcomposer\vendor\codeigniter4\framework\system\CodeIgniter.php(419): CodeIgniter\CodeIgniter->runController(Object(App\Controllers\Auth))
#7 C:\xampp-8.1.5\htdocs\ci4.1.9-testapi-withcomposer\vendor\codeigniter4\framework\system\CodeIgniter.php(326): CodeIgniter\CodeIgniter->handleRequest(NULL, Object(Config\Cache), false)
#8 C:\xampp-8.1.5\htdocs\ci4.1.9-testapi-withcomposer\public\index.php(37): CodeIgniter\CodeIgniter->run()
#9 C:\xampp-8.1.5\htdocs\ci4.1.9-testapi-withcomposer\vendor\codeigniter4\framework\system\Commands\Server\rewrite.php(43): require_once('C:\\xampp-8.1.5\\...')
#10 {main}
CRITICAL - 2022-05-30 20:21:24 --> Undefined variable $dataUser
#0 C:\xampp-8.1.5\htdocs\ci4.1.9-testapi-withcomposer\app\Views\admin\dashboard.php(14): CodeIgniter\Debug\Exceptions->errorHandler(2, 'Undefined varia...', 'C:\\xampp-8.1.5\\...', 14)
#1 C:\xampp-8.1.5\htdocs\ci4.1.9-testapi-withcomposer\vendor\codeigniter4\framework\system\View\View.php(210): include('C:\\xampp-8.1.5\\...')
#2 C:\xampp-8.1.5\htdocs\ci4.1.9-testapi-withcomposer\vendor\codeigniter4\framework\system\View\View.php(213): CodeIgniter\View\View->CodeIgniter\View\{closure}()
#3 C:\xampp-8.1.5\htdocs\ci4.1.9-testapi-withcomposer\vendor\codeigniter4\framework\system\Common.php(1089): CodeIgniter\View\View->render('admin/dashboard', Array, true)
#4 C:\xampp-8.1.5\htdocs\ci4.1.9-testapi-withcomposer\app\Controllers\Auth.php(172): view('admin/dashboard')
#5 C:\xampp-8.1.5\htdocs\ci4.1.9-testapi-withcomposer\vendor\codeigniter4\framework\system\CodeIgniter.php(832): App\Controllers\Auth->dashboardUser()
#6 C:\xampp-8.1.5\htdocs\ci4.1.9-testapi-withcomposer\vendor\codeigniter4\framework\system\CodeIgniter.php(419): CodeIgniter\CodeIgniter->runController(Object(App\Controllers\Auth))
#7 C:\xampp-8.1.5\htdocs\ci4.1.9-testapi-withcomposer\vendor\codeigniter4\framework\system\CodeIgniter.php(326): CodeIgniter\CodeIgniter->handleRequest(NULL, Object(Config\Cache), false)
#8 C:\xampp-8.1.5\htdocs\ci4.1.9-testapi-withcomposer\public\index.php(37): CodeIgniter\CodeIgniter->run()
#9 C:\xampp-8.1.5\htdocs\ci4.1.9-testapi-withcomposer\vendor\codeigniter4\framework\system\Commands\Server\rewrite.php(43): require_once('C:\\xampp-8.1.5\\...')
#10 {main}
CRITICAL - 2022-05-30 20:28:17 --> Too few arguments to function App\Controllers\Auth::dashboardUser(), 0 passed in C:\xampp-8.1.5\htdocs\ci4.1.9-testapi-withcomposer\vendor\codeigniter4\framework\system\CodeIgniter.php on line 832 and exactly 1 expected
#0 C:\xampp-8.1.5\htdocs\ci4.1.9-testapi-withcomposer\vendor\codeigniter4\framework\system\CodeIgniter.php(832): App\Controllers\Auth->dashboardUser()
#1 C:\xampp-8.1.5\htdocs\ci4.1.9-testapi-withcomposer\vendor\codeigniter4\framework\system\CodeIgniter.php(419): CodeIgniter\CodeIgniter->runController(Object(App\Controllers\Auth))
#2 C:\xampp-8.1.5\htdocs\ci4.1.9-testapi-withcomposer\vendor\codeigniter4\framework\system\CodeIgniter.php(326): CodeIgniter\CodeIgniter->handleRequest(NULL, Object(Config\Cache), false)
#3 C:\xampp-8.1.5\htdocs\ci4.1.9-testapi-withcomposer\public\index.php(37): CodeIgniter\CodeIgniter->run()
#4 C:\xampp-8.1.5\htdocs\ci4.1.9-testapi-withcomposer\vendor\codeigniter4\framework\system\Commands\Server\rewrite.php(43): require_once('C:\\xampp-8.1.5\\...')
#5 {main}
CRITICAL - 2022-05-30 20:28:33 -->  route cannot be found while reverse-routing.
#0 C:\xampp-8.1.5\htdocs\ci4.1.9-testapi-withcomposer\vendor\codeigniter4\framework\system\HTTP\RedirectResponse.php(56): CodeIgniter\HTTP\Exceptions\HTTPException::forInvalidRedirectRoute('')
#1 C:\xampp-8.1.5\htdocs\ci4.1.9-testapi-withcomposer\vendor\codeigniter4\framework\system\Common.php(832): CodeIgniter\HTTP\RedirectResponse->route(false)
#2 C:\xampp-8.1.5\htdocs\ci4.1.9-testapi-withcomposer\app\Controllers\Auth.php(164): redirect('auth/dashboardU...', Array)
#3 C:\xampp-8.1.5\htdocs\ci4.1.9-testapi-withcomposer\vendor\codeigniter4\framework\system\CodeIgniter.php(832): App\Controllers\Auth->processLogin()
#4 C:\xampp-8.1.5\htdocs\ci4.1.9-testapi-withcomposer\vendor\codeigniter4\framework\system\CodeIgniter.php(419): CodeIgniter\CodeIgniter->runController(Object(App\Controllers\Auth))
#5 C:\xampp-8.1.5\htdocs\ci4.1.9-testapi-withcomposer\vendor\codeigniter4\framework\system\CodeIgniter.php(326): CodeIgniter\CodeIgniter->handleRequest(NULL, Object(Config\Cache), false)
#6 C:\xampp-8.1.5\htdocs\ci4.1.9-testapi-withcomposer\public\index.php(37): CodeIgniter\CodeIgniter->run()
#7 C:\xampp-8.1.5\htdocs\ci4.1.9-testapi-withcomposer\vendor\codeigniter4\framework\system\Commands\Server\rewrite.php(43): require_once('C:\\xampp-8.1.5\\...')
#8 {main}
CRITICAL - 2022-05-30 20:29:14 -->  route cannot be found while reverse-routing.
#0 C:\xampp-8.1.5\htdocs\ci4.1.9-testapi-withcomposer\vendor\codeigniter4\framework\system\HTTP\RedirectResponse.php(56): CodeIgniter\HTTP\Exceptions\HTTPException::forInvalidRedirectRoute('')
#1 C:\xampp-8.1.5\htdocs\ci4.1.9-testapi-withcomposer\vendor\codeigniter4\framework\system\Common.php(832): CodeIgniter\HTTP\RedirectResponse->route(false)
#2 C:\xampp-8.1.5\htdocs\ci4.1.9-testapi-withcomposer\app\Controllers\Auth.php(164): redirect('auth/dashboardU...', Array)
#3 C:\xampp-8.1.5\htdocs\ci4.1.9-testapi-withcomposer\vendor\codeigniter4\framework\system\CodeIgniter.php(832): App\Controllers\Auth->processLogin()
#4 C:\xampp-8.1.5\htdocs\ci4.1.9-testapi-withcomposer\vendor\codeigniter4\framework\system\CodeIgniter.php(419): CodeIgniter\CodeIgniter->runController(Object(App\Controllers\Auth))
#5 C:\xampp-8.1.5\htdocs\ci4.1.9-testapi-withcomposer\vendor\codeigniter4\framework\system\CodeIgniter.php(326): CodeIgniter\CodeIgniter->handleRequest(NULL, Object(Config\Cache), false)
#6 C:\xampp-8.1.5\htdocs\ci4.1.9-testapi-withcomposer\public\index.php(37): CodeIgniter\CodeIgniter->run()
#7 C:\xampp-8.1.5\htdocs\ci4.1.9-testapi-withcomposer\vendor\codeigniter4\framework\system\Commands\Server\rewrite.php(43): require_once('C:\\xampp-8.1.5\\...')
#8 {main}
CRITICAL - 2022-05-30 20:30:15 -->  route cannot be found while reverse-routing.
#0 C:\xampp-8.1.5\htdocs\ci4.1.9-testapi-withcomposer\vendor\codeigniter4\framework\system\HTTP\RedirectResponse.php(56): CodeIgniter\HTTP\Exceptions\HTTPException::forInvalidRedirectRoute('')
#1 C:\xampp-8.1.5\htdocs\ci4.1.9-testapi-withcomposer\vendor\codeigniter4\framework\system\Common.php(832): CodeIgniter\HTTP\RedirectResponse->route(false)
#2 C:\xampp-8.1.5\htdocs\ci4.1.9-testapi-withcomposer\app\Controllers\Auth.php(164): redirect('http://localhos...')
#3 C:\xampp-8.1.5\htdocs\ci4.1.9-testapi-withcomposer\vendor\codeigniter4\framework\system\CodeIgniter.php(832): App\Controllers\Auth->processLogin()
#4 C:\xampp-8.1.5\htdocs\ci4.1.9-testapi-withcomposer\vendor\codeigniter4\framework\system\CodeIgniter.php(419): CodeIgniter\CodeIgniter->runController(Object(App\Controllers\Auth))
#5 C:\xampp-8.1.5\htdocs\ci4.1.9-testapi-withcomposer\vendor\codeigniter4\framework\system\CodeIgniter.php(326): CodeIgniter\CodeIgniter->handleRequest(NULL, Object(Config\Cache), false)
#6 C:\xampp-8.1.5\htdocs\ci4.1.9-testapi-withcomposer\public\index.php(37): CodeIgniter\CodeIgniter->run()
#7 C:\xampp-8.1.5\htdocs\ci4.1.9-testapi-withcomposer\vendor\codeigniter4\framework\system\Commands\Server\rewrite.php(43): require_once('C:\\xampp-8.1.5\\...')
#8 {main}
CRITICAL - 2022-05-30 22:57:56 -->  route cannot be found while reverse-routing.
#0 C:\xampp-8.1.5\htdocs\ci4.1.9-testapi-withcomposer\vendor\codeigniter4\framework\system\HTTP\RedirectResponse.php(56): CodeIgniter\HTTP\Exceptions\HTTPException::forInvalidRedirectRoute('')
#1 C:\xampp-8.1.5\htdocs\ci4.1.9-testapi-withcomposer\vendor\codeigniter4\framework\system\Common.php(832): CodeIgniter\HTTP\RedirectResponse->route(false)
#2 C:\xampp-8.1.5\htdocs\ci4.1.9-testapi-withcomposer\app\Controllers\Auth.php(164): redirect('http://localhos...')
#3 C:\xampp-8.1.5\htdocs\ci4.1.9-testapi-withcomposer\vendor\codeigniter4\framework\system\CodeIgniter.php(832): App\Controllers\Auth->processLogin()
#4 C:\xampp-8.1.5\htdocs\ci4.1.9-testapi-withcomposer\vendor\codeigniter4\framework\system\CodeIgniter.php(419): CodeIgniter\CodeIgniter->runController(Object(App\Controllers\Auth))
#5 C:\xampp-8.1.5\htdocs\ci4.1.9-testapi-withcomposer\vendor\codeigniter4\framework\system\CodeIgniter.php(326): CodeIgniter\CodeIgniter->handleRequest(NULL, Object(Config\Cache), false)
#6 C:\xampp-8.1.5\htdocs\ci4.1.9-testapi-withcomposer\public\index.php(37): CodeIgniter\CodeIgniter->run()
#7 C:\xampp-8.1.5\htdocs\ci4.1.9-testapi-withcomposer\vendor\codeigniter4\framework\system\Commands\Server\rewrite.php(43): require_once('C:\\xampp-8.1.5\\...')
#8 {main}
CRITICAL - 2022-05-30 23:01:54 -->  route cannot be found while reverse-routing.
#0 C:\xampp-8.1.5\htdocs\ci4.1.9-testapi-withcomposer\vendor\codeigniter4\framework\system\HTTP\RedirectResponse.php(56): CodeIgniter\HTTP\Exceptions\HTTPException::forInvalidRedirectRoute('')
#1 C:\xampp-8.1.5\htdocs\ci4.1.9-testapi-withcomposer\vendor\codeigniter4\framework\system\Common.php(832): CodeIgniter\HTTP\RedirectResponse->route(false)
#2 C:\xampp-8.1.5\htdocs\ci4.1.9-testapi-withcomposer\app\Controllers\Auth.php(164): redirect('http://localhos...')
#3 C:\xampp-8.1.5\htdocs\ci4.1.9-testapi-withcomposer\vendor\codeigniter4\framework\system\CodeIgniter.php(832): App\Controllers\Auth->processLogin()
#4 C:\xampp-8.1.5\htdocs\ci4.1.9-testapi-withcomposer\vendor\codeigniter4\framework\system\CodeIgniter.php(419): CodeIgniter\CodeIgniter->runController(Object(App\Controllers\Auth))
#5 C:\xampp-8.1.5\htdocs\ci4.1.9-testapi-withcomposer\vendor\codeigniter4\framework\system\CodeIgniter.php(326): CodeIgniter\CodeIgniter->handleRequest(NULL, Object(Config\Cache), false)
#6 C:\xampp-8.1.5\htdocs\ci4.1.9-testapi-withcomposer\public\index.php(37): CodeIgniter\CodeIgniter->run()
#7 C:\xampp-8.1.5\htdocs\ci4.1.9-testapi-withcomposer\vendor\codeigniter4\framework\system\Commands\Server\rewrite.php(43): require_once('C:\\xampp-8.1.5\\...')
#8 {main}
CRITICAL - 2022-05-30 23:04:01 -->  route cannot be found while reverse-routing.
#0 C:\xampp-8.1.5\htdocs\ci4.1.9-testapi-withcomposer\vendor\codeigniter4\framework\system\HTTP\RedirectResponse.php(56): CodeIgniter\HTTP\Exceptions\HTTPException::forInvalidRedirectRoute('')
#1 C:\xampp-8.1.5\htdocs\ci4.1.9-testapi-withcomposer\vendor\codeigniter4\framework\system\Common.php(832): CodeIgniter\HTTP\RedirectResponse->route(false)
#2 C:\xampp-8.1.5\htdocs\ci4.1.9-testapi-withcomposer\app\Controllers\Auth.php(164): redirect('auth/dashboardu...')
#3 C:\xampp-8.1.5\htdocs\ci4.1.9-testapi-withcomposer\vendor\codeigniter4\framework\system\CodeIgniter.php(832): App\Controllers\Auth->processLogin()
#4 C:\xampp-8.1.5\htdocs\ci4.1.9-testapi-withcomposer\vendor\codeigniter4\framework\system\CodeIgniter.php(419): CodeIgniter\CodeIgniter->runController(Object(App\Controllers\Auth))
#5 C:\xampp-8.1.5\htdocs\ci4.1.9-testapi-withcomposer\vendor\codeigniter4\framework\system\CodeIgniter.php(326): CodeIgniter\CodeIgniter->handleRequest(NULL, Object(Config\Cache), false)
#6 C:\xampp-8.1.5\htdocs\ci4.1.9-testapi-withcomposer\public\index.php(37): CodeIgniter\CodeIgniter->run()
#7 C:\xampp-8.1.5\htdocs\ci4.1.9-testapi-withcomposer\vendor\codeigniter4\framework\system\Commands\Server\rewrite.php(43): require_once('C:\\xampp-8.1.5\\...')
#8 {main}
CRITICAL - 2022-05-30 23:04:07 -->  route cannot be found while reverse-routing.
#0 C:\xampp-8.1.5\htdocs\ci4.1.9-testapi-withcomposer\vendor\codeigniter4\framework\system\HTTP\RedirectResponse.php(56): CodeIgniter\HTTP\Exceptions\HTTPException::forInvalidRedirectRoute('')
#1 C:\xampp-8.1.5\htdocs\ci4.1.9-testapi-withcomposer\vendor\codeigniter4\framework\system\Common.php(832): CodeIgniter\HTTP\RedirectResponse->route(false)
#2 C:\xampp-8.1.5\htdocs\ci4.1.9-testapi-withcomposer\app\Controllers\Auth.php(164): redirect('auth/dashboardu...')
#3 C:\xampp-8.1.5\htdocs\ci4.1.9-testapi-withcomposer\vendor\codeigniter4\framework\system\CodeIgniter.php(832): App\Controllers\Auth->processLogin()
#4 C:\xampp-8.1.5\htdocs\ci4.1.9-testapi-withcomposer\vendor\codeigniter4\framework\system\CodeIgniter.php(419): CodeIgniter\CodeIgniter->runController(Object(App\Controllers\Auth))
#5 C:\xampp-8.1.5\htdocs\ci4.1.9-testapi-withcomposer\vendor\codeigniter4\framework\system\CodeIgniter.php(326): CodeIgniter\CodeIgniter->handleRequest(NULL, Object(Config\Cache), false)
#6 C:\xampp-8.1.5\htdocs\ci4.1.9-testapi-withcomposer\public\index.php(37): CodeIgniter\CodeIgniter->run()
#7 C:\xampp-8.1.5\htdocs\ci4.1.9-testapi-withcomposer\vendor\codeigniter4\framework\system\Commands\Server\rewrite.php(43): require_once('C:\\xampp-8.1.5\\...')
#8 {main}
CRITICAL - 2022-05-30 23:04:21 -->  route cannot be found while reverse-routing.
#0 C:\xampp-8.1.5\htdocs\ci4.1.9-testapi-withcomposer\vendor\codeigniter4\framework\system\HTTP\RedirectResponse.php(56): CodeIgniter\HTTP\Exceptions\HTTPException::forInvalidRedirectRoute('')
#1 C:\xampp-8.1.5\htdocs\ci4.1.9-testapi-withcomposer\vendor\codeigniter4\framework\system\Common.php(832): CodeIgniter\HTTP\RedirectResponse->route(false)
#2 C:\xampp-8.1.5\htdocs\ci4.1.9-testapi-withcomposer\app\Controllers\Auth.php(164): redirect('auth/dashboardu...')
#3 C:\xampp-8.1.5\htdocs\ci4.1.9-testapi-withcomposer\vendor\codeigniter4\framework\system\CodeIgniter.php(832): App\Controllers\Auth->processLogin()
#4 C:\xampp-8.1.5\htdocs\ci4.1.9-testapi-withcomposer\vendor\codeigniter4\framework\system\CodeIgniter.php(419): CodeIgniter\CodeIgniter->runController(Object(App\Controllers\Auth))
#5 C:\xampp-8.1.5\htdocs\ci4.1.9-testapi-withcomposer\vendor\codeigniter4\framework\system\CodeIgniter.php(326): CodeIgniter\CodeIgniter->handleRequest(NULL, Object(Config\Cache), false)
#6 C:\xampp-8.1.5\htdocs\ci4.1.9-testapi-withcomposer\public\index.php(37): CodeIgniter\CodeIgniter->run()
#7 C:\xampp-8.1.5\htdocs\ci4.1.9-testapi-withcomposer\vendor\codeigniter4\framework\system\Commands\Server\rewrite.php(43): require_once('C:\\xampp-8.1.5\\...')
#8 {main}
CRITICAL - 2022-05-30 23:04:39 -->  route cannot be found while reverse-routing.
#0 C:\xampp-8.1.5\htdocs\ci4.1.9-testapi-withcomposer\vendor\codeigniter4\framework\system\HTTP\RedirectResponse.php(56): CodeIgniter\HTTP\Exceptions\HTTPException::forInvalidRedirectRoute('')
#1 C:\xampp-8.1.5\htdocs\ci4.1.9-testapi-withcomposer\vendor\codeigniter4\framework\system\Common.php(832): CodeIgniter\HTTP\RedirectResponse->route(false)
#2 C:\xampp-8.1.5\htdocs\ci4.1.9-testapi-withcomposer\app\Controllers\Auth.php(164): redirect('auth/dashboardu...', Array)
#3 C:\xampp-8.1.5\htdocs\ci4.1.9-testapi-withcomposer\vendor\codeigniter4\framework\system\CodeIgniter.php(832): App\Controllers\Auth->processLogin()
#4 C:\xampp-8.1.5\htdocs\ci4.1.9-testapi-withcomposer\vendor\codeigniter4\framework\system\CodeIgniter.php(419): CodeIgniter\CodeIgniter->runController(Object(App\Controllers\Auth))
#5 C:\xampp-8.1.5\htdocs\ci4.1.9-testapi-withcomposer\vendor\codeigniter4\framework\system\CodeIgniter.php(326): CodeIgniter\CodeIgniter->handleRequest(NULL, Object(Config\Cache), false)
#6 C:\xampp-8.1.5\htdocs\ci4.1.9-testapi-withcomposer\public\index.php(37): CodeIgniter\CodeIgniter->run()
#7 C:\xampp-8.1.5\htdocs\ci4.1.9-testapi-withcomposer\vendor\codeigniter4\framework\system\Commands\Server\rewrite.php(43): require_once('C:\\xampp-8.1.5\\...')
#8 {main}
CRITICAL - 2022-05-30 23:04:44 -->  route cannot be found while reverse-routing.
#0 C:\xampp-8.1.5\htdocs\ci4.1.9-testapi-withcomposer\vendor\codeigniter4\framework\system\HTTP\RedirectResponse.php(56): CodeIgniter\HTTP\Exceptions\HTTPException::forInvalidRedirectRoute('')
#1 C:\xampp-8.1.5\htdocs\ci4.1.9-testapi-withcomposer\vendor\codeigniter4\framework\system\Common.php(832): CodeIgniter\HTTP\RedirectResponse->route(false)
#2 C:\xampp-8.1.5\htdocs\ci4.1.9-testapi-withcomposer\app\Controllers\Auth.php(164): redirect('auth/dashboardu...', Array)
#3 C:\xampp-8.1.5\htdocs\ci4.1.9-testapi-withcomposer\vendor\codeigniter4\framework\system\CodeIgniter.php(832): App\Controllers\Auth->processLogin()
#4 C:\xampp-8.1.5\htdocs\ci4.1.9-testapi-withcomposer\vendor\codeigniter4\framework\system\CodeIgniter.php(419): CodeIgniter\CodeIgniter->runController(Object(App\Controllers\Auth))
#5 C:\xampp-8.1.5\htdocs\ci4.1.9-testapi-withcomposer\vendor\codeigniter4\framework\system\CodeIgniter.php(326): CodeIgniter\CodeIgniter->handleRequest(NULL, Object(Config\Cache), false)
#6 C:\xampp-8.1.5\htdocs\ci4.1.9-testapi-withcomposer\public\index.php(37): CodeIgniter\CodeIgniter->run()
#7 C:\xampp-8.1.5\htdocs\ci4.1.9-testapi-withcomposer\vendor\codeigniter4\framework\system\Commands\Server\rewrite.php(43): require_once('C:\\xampp-8.1.5\\...')
#8 {main}
CRITICAL - 2022-05-30 23:06:51 --> Too few arguments to function App\Controllers\Auth::dashboardUser(), 0 passed in C:\xampp-8.1.5\htdocs\ci4.1.9-testapi-withcomposer\vendor\codeigniter4\framework\system\CodeIgniter.php on line 832 and exactly 1 expected
#0 C:\xampp-8.1.5\htdocs\ci4.1.9-testapi-withcomposer\vendor\codeigniter4\framework\system\CodeIgniter.php(832): App\Controllers\Auth->dashboardUser()
#1 C:\xampp-8.1.5\htdocs\ci4.1.9-testapi-withcomposer\vendor\codeigniter4\framework\system\CodeIgniter.php(419): CodeIgniter\CodeIgniter->runController(Object(App\Controllers\Auth))
#2 C:\xampp-8.1.5\htdocs\ci4.1.9-testapi-withcomposer\vendor\codeigniter4\framework\system\CodeIgniter.php(326): CodeIgniter\CodeIgniter->handleRequest(NULL, Object(Config\Cache), false)
#3 C:\xampp-8.1.5\htdocs\ci4.1.9-testapi-withcomposer\public\index.php(37): CodeIgniter\CodeIgniter->run()
#4 C:\xampp-8.1.5\htdocs\ci4.1.9-testapi-withcomposer\vendor\codeigniter4\framework\system\Commands\Server\rewrite.php(43): require_once('C:\\xampp-8.1.5\\...')
#5 {main}
CRITICAL - 2022-05-30 23:07:07 --> Undefined variable $dataUser
#0 C:\xampp-8.1.5\htdocs\ci4.1.9-testapi-withcomposer\app\Views\admin\dashboard.php(14): CodeIgniter\Debug\Exceptions->errorHandler(2, 'Undefined varia...', 'C:\\xampp-8.1.5\\...', 14)
#1 C:\xampp-8.1.5\htdocs\ci4.1.9-testapi-withcomposer\vendor\codeigniter4\framework\system\View\View.php(210): include('C:\\xampp-8.1.5\\...')
#2 C:\xampp-8.1.5\htdocs\ci4.1.9-testapi-withcomposer\vendor\codeigniter4\framework\system\View\View.php(213): CodeIgniter\View\View->CodeIgniter\View\{closure}()
#3 C:\xampp-8.1.5\htdocs\ci4.1.9-testapi-withcomposer\vendor\codeigniter4\framework\system\Common.php(1089): CodeIgniter\View\View->render('admin/dashboard', Array, true)
#4 C:\xampp-8.1.5\htdocs\ci4.1.9-testapi-withcomposer\app\Controllers\Auth.php(173): view('admin/dashboard')
#5 C:\xampp-8.1.5\htdocs\ci4.1.9-testapi-withcomposer\vendor\codeigniter4\framework\system\CodeIgniter.php(832): App\Controllers\Auth->dashboardUser()
#6 C:\xampp-8.1.5\htdocs\ci4.1.9-testapi-withcomposer\vendor\codeigniter4\framework\system\CodeIgniter.php(419): CodeIgniter\CodeIgniter->runController(Object(App\Controllers\Auth))
#7 C:\xampp-8.1.5\htdocs\ci4.1.9-testapi-withcomposer\vendor\codeigniter4\framework\system\CodeIgniter.php(326): CodeIgniter\CodeIgniter->handleRequest(NULL, Object(Config\Cache), false)
#8 C:\xampp-8.1.5\htdocs\ci4.1.9-testapi-withcomposer\public\index.php(37): CodeIgniter\CodeIgniter->run()
#9 C:\xampp-8.1.5\htdocs\ci4.1.9-testapi-withcomposer\vendor\codeigniter4\framework\system\Commands\Server\rewrite.php(43): require_once('C:\\xampp-8.1.5\\...')
#10 {main}
CRITICAL - 2022-05-30 23:07:37 --> Undefined variable $dataUser
#0 C:\xampp-8.1.5\htdocs\ci4.1.9-testapi-withcomposer\app\Views\admin\dashboard.php(14): CodeIgniter\Debug\Exceptions->errorHandler(2, 'Undefined varia...', 'C:\\xampp-8.1.5\\...', 14)
#1 C:\xampp-8.1.5\htdocs\ci4.1.9-testapi-withcomposer\vendor\codeigniter4\framework\system\View\View.php(210): include('C:\\xampp-8.1.5\\...')
#2 C:\xampp-8.1.5\htdocs\ci4.1.9-testapi-withcomposer\vendor\codeigniter4\framework\system\View\View.php(213): CodeIgniter\View\View->CodeIgniter\View\{closure}()
#3 C:\xampp-8.1.5\htdocs\ci4.1.9-testapi-withcomposer\vendor\codeigniter4\framework\system\Common.php(1089): CodeIgniter\View\View->render('admin/dashboard', Array, true)
#4 C:\xampp-8.1.5\htdocs\ci4.1.9-testapi-withcomposer\app\Controllers\Auth.php(173): view('admin/dashboard')
#5 C:\xampp-8.1.5\htdocs\ci4.1.9-testapi-withcomposer\vendor\codeigniter4\framework\system\CodeIgniter.php(832): App\Controllers\Auth->dashboardUser()
#6 C:\xampp-8.1.5\htdocs\ci4.1.9-testapi-withcomposer\vendor\codeigniter4\framework\system\CodeIgniter.php(419): CodeIgniter\CodeIgniter->runController(Object(App\Controllers\Auth))
#7 C:\xampp-8.1.5\htdocs\ci4.1.9-testapi-withcomposer\vendor\codeigniter4\framework\system\CodeIgniter.php(326): CodeIgniter\CodeIgniter->handleRequest(NULL, Object(Config\Cache), false)
#8 C:\xampp-8.1.5\htdocs\ci4.1.9-testapi-withcomposer\public\index.php(37): CodeIgniter\CodeIgniter->run()
#9 C:\xampp-8.1.5\htdocs\ci4.1.9-testapi-withcomposer\vendor\codeigniter4\framework\system\Commands\Server\rewrite.php(43): require_once('C:\\xampp-8.1.5\\...')
#10 {main}
CRITICAL - 2022-05-30 23:07:38 --> Undefined variable $dataUser
#0 C:\xampp-8.1.5\htdocs\ci4.1.9-testapi-withcomposer\app\Views\admin\dashboard.php(14): CodeIgniter\Debug\Exceptions->errorHandler(2, 'Undefined varia...', 'C:\\xampp-8.1.5\\...', 14)
#1 C:\xampp-8.1.5\htdocs\ci4.1.9-testapi-withcomposer\vendor\codeigniter4\framework\system\View\View.php(210): include('C:\\xampp-8.1.5\\...')
#2 C:\xampp-8.1.5\htdocs\ci4.1.9-testapi-withcomposer\vendor\codeigniter4\framework\system\View\View.php(213): CodeIgniter\View\View->CodeIgniter\View\{closure}()
#3 C:\xampp-8.1.5\htdocs\ci4.1.9-testapi-withcomposer\vendor\codeigniter4\framework\system\Common.php(1089): CodeIgniter\View\View->render('admin/dashboard', Array, true)
#4 C:\xampp-8.1.5\htdocs\ci4.1.9-testapi-withcomposer\app\Controllers\Auth.php(173): view('admin/dashboard')
#5 C:\xampp-8.1.5\htdocs\ci4.1.9-testapi-withcomposer\vendor\codeigniter4\framework\system\CodeIgniter.php(832): App\Controllers\Auth->dashboardUser()
#6 C:\xampp-8.1.5\htdocs\ci4.1.9-testapi-withcomposer\vendor\codeigniter4\framework\system\CodeIgniter.php(419): CodeIgniter\CodeIgniter->runController(Object(App\Controllers\Auth))
#7 C:\xampp-8.1.5\htdocs\ci4.1.9-testapi-withcomposer\vendor\codeigniter4\framework\system\CodeIgniter.php(326): CodeIgniter\CodeIgniter->handleRequest(NULL, Object(Config\Cache), false)
#8 C:\xampp-8.1.5\htdocs\ci4.1.9-testapi-withcomposer\public\index.php(37): CodeIgniter\CodeIgniter->run()
#9 C:\xampp-8.1.5\htdocs\ci4.1.9-testapi-withcomposer\vendor\codeigniter4\framework\system\Commands\Server\rewrite.php(43): require_once('C:\\xampp-8.1.5\\...')
#10 {main}
CRITICAL - 2022-05-30 23:07:56 --> Undefined variable $dataUser
#0 C:\xampp-8.1.5\htdocs\ci4.1.9-testapi-withcomposer\app\Views\admin\dashboard.php(14): CodeIgniter\Debug\Exceptions->errorHandler(2, 'Undefined varia...', 'C:\\xampp-8.1.5\\...', 14)
#1 C:\xampp-8.1.5\htdocs\ci4.1.9-testapi-withcomposer\vendor\codeigniter4\framework\system\View\View.php(210): include('C:\\xampp-8.1.5\\...')
#2 C:\xampp-8.1.5\htdocs\ci4.1.9-testapi-withcomposer\vendor\codeigniter4\framework\system\View\View.php(213): CodeIgniter\View\View->CodeIgniter\View\{closure}()
#3 C:\xampp-8.1.5\htdocs\ci4.1.9-testapi-withcomposer\vendor\codeigniter4\framework\system\Common.php(1089): CodeIgniter\View\View->render('admin/dashboard', Array, true)
#4 C:\xampp-8.1.5\htdocs\ci4.1.9-testapi-withcomposer\app\Controllers\Auth.php(173): view('admin/dashboard')
#5 C:\xampp-8.1.5\htdocs\ci4.1.9-testapi-withcomposer\vendor\codeigniter4\framework\system\CodeIgniter.php(832): App\Controllers\Auth->dashboardUser()
#6 C:\xampp-8.1.5\htdocs\ci4.1.9-testapi-withcomposer\vendor\codeigniter4\framework\system\CodeIgniter.php(419): CodeIgniter\CodeIgniter->runController(Object(App\Controllers\Auth))
#7 C:\xampp-8.1.5\htdocs\ci4.1.9-testapi-withcomposer\vendor\codeigniter4\framework\system\CodeIgniter.php(326): CodeIgniter\CodeIgniter->handleRequest(NULL, Object(Config\Cache), false)
#8 C:\xampp-8.1.5\htdocs\ci4.1.9-testapi-withcomposer\public\index.php(37): CodeIgniter\CodeIgniter->run()
#9 C:\xampp-8.1.5\htdocs\ci4.1.9-testapi-withcomposer\vendor\codeigniter4\framework\system\Commands\Server\rewrite.php(43): require_once('C:\\xampp-8.1.5\\...')
#10 {main}
CRITICAL - 2022-05-30 23:08:02 --> Undefined variable $token
#0 C:\xampp-8.1.5\htdocs\ci4.1.9-testapi-withcomposer\app\Views\admin\dashboard.php(15): CodeIgniter\Debug\Exceptions->errorHandler(2, 'Undefined varia...', 'C:\\xampp-8.1.5\\...', 15)
#1 C:\xampp-8.1.5\htdocs\ci4.1.9-testapi-withcomposer\vendor\codeigniter4\framework\system\View\View.php(210): include('C:\\xampp-8.1.5\\...')
#2 C:\xampp-8.1.5\htdocs\ci4.1.9-testapi-withcomposer\vendor\codeigniter4\framework\system\View\View.php(213): CodeIgniter\View\View->CodeIgniter\View\{closure}()
#3 C:\xampp-8.1.5\htdocs\ci4.1.9-testapi-withcomposer\vendor\codeigniter4\framework\system\Common.php(1089): CodeIgniter\View\View->render('admin/dashboard', Array, true)
#4 C:\xampp-8.1.5\htdocs\ci4.1.9-testapi-withcomposer\app\Controllers\Auth.php(173): view('admin/dashboard')
#5 C:\xampp-8.1.5\htdocs\ci4.1.9-testapi-withcomposer\vendor\codeigniter4\framework\system\CodeIgniter.php(832): App\Controllers\Auth->dashboardUser()
#6 C:\xampp-8.1.5\htdocs\ci4.1.9-testapi-withcomposer\vendor\codeigniter4\framework\system\CodeIgniter.php(419): CodeIgniter\CodeIgniter->runController(Object(App\Controllers\Auth))
#7 C:\xampp-8.1.5\htdocs\ci4.1.9-testapi-withcomposer\vendor\codeigniter4\framework\system\CodeIgniter.php(326): CodeIgniter\CodeIgniter->handleRequest(NULL, Object(Config\Cache), false)
#8 C:\xampp-8.1.5\htdocs\ci4.1.9-testapi-withcomposer\public\index.php(37): CodeIgniter\CodeIgniter->run()
#9 C:\xampp-8.1.5\htdocs\ci4.1.9-testapi-withcomposer\vendor\codeigniter4\framework\system\Commands\Server\rewrite.php(43): require_once('C:\\xampp-8.1.5\\...')
#10 {main}
CRITICAL - 2022-05-30 23:10:36 --> Too few arguments to function App\Controllers\Auth::dashboardUser(), 0 passed in C:\xampp-8.1.5\htdocs\ci4.1.9-testapi-withcomposer\vendor\codeigniter4\framework\system\CodeIgniter.php on line 832 and exactly 1 expected
#0 C:\xampp-8.1.5\htdocs\ci4.1.9-testapi-withcomposer\vendor\codeigniter4\framework\system\CodeIgniter.php(832): App\Controllers\Auth->dashboardUser()
#1 C:\xampp-8.1.5\htdocs\ci4.1.9-testapi-withcomposer\vendor\codeigniter4\framework\system\CodeIgniter.php(419): CodeIgniter\CodeIgniter->runController(Object(App\Controllers\Auth))
#2 C:\xampp-8.1.5\htdocs\ci4.1.9-testapi-withcomposer\vendor\codeigniter4\framework\system\CodeIgniter.php(326): CodeIgniter\CodeIgniter->handleRequest(NULL, Object(Config\Cache), false)
#3 C:\xampp-8.1.5\htdocs\ci4.1.9-testapi-withcomposer\public\index.php(37): CodeIgniter\CodeIgniter->run()
#4 C:\xampp-8.1.5\htdocs\ci4.1.9-testapi-withcomposer\vendor\codeigniter4\framework\system\Commands\Server\rewrite.php(43): require_once('C:\\xampp-8.1.5\\...')
#5 {main}
CRITICAL - 2022-05-30 23:12:46 --> Too few arguments to function App\Controllers\Auth::dashboardUser(), 0 passed in C:\xampp-8.1.5\htdocs\ci4.1.9-testapi-withcomposer\vendor\codeigniter4\framework\system\CodeIgniter.php on line 832 and exactly 1 expected
#0 C:\xampp-8.1.5\htdocs\ci4.1.9-testapi-withcomposer\vendor\codeigniter4\framework\system\CodeIgniter.php(832): App\Controllers\Auth->dashboardUser()
#1 C:\xampp-8.1.5\htdocs\ci4.1.9-testapi-withcomposer\vendor\codeigniter4\framework\system\CodeIgniter.php(419): CodeIgniter\CodeIgniter->runController(Object(App\Controllers\Auth))
#2 C:\xampp-8.1.5\htdocs\ci4.1.9-testapi-withcomposer\vendor\codeigniter4\framework\system\CodeIgniter.php(326): CodeIgniter\CodeIgniter->handleRequest(NULL, Object(Config\Cache), false)
#3 C:\xampp-8.1.5\htdocs\ci4.1.9-testapi-withcomposer\public\index.php(37): CodeIgniter\CodeIgniter->run()
#4 C:\xampp-8.1.5\htdocs\ci4.1.9-testapi-withcomposer\vendor\codeigniter4\framework\system\Commands\Server\rewrite.php(43): require_once('C:\\xampp-8.1.5\\...')
#5 {main}
CRITICAL - 2022-05-30 23:41:34 --> Undefined property: App\Controllers\Auth::$session
#0 C:\xampp-8.1.5\htdocs\ci4.1.9-testapi-withcomposer\app\Controllers\Auth.php(164): CodeIgniter\Debug\Exceptions->errorHandler(2, 'Undefined prope...', 'C:\\xampp-8.1.5\\...', 164)
#1 C:\xampp-8.1.5\htdocs\ci4.1.9-testapi-withcomposer\vendor\codeigniter4\framework\system\CodeIgniter.php(832): App\Controllers\Auth->processLogin()
#2 C:\xampp-8.1.5\htdocs\ci4.1.9-testapi-withcomposer\vendor\codeigniter4\framework\system\CodeIgniter.php(419): CodeIgniter\CodeIgniter->runController(Object(App\Controllers\Auth))
#3 C:\xampp-8.1.5\htdocs\ci4.1.9-testapi-withcomposer\vendor\codeigniter4\framework\system\CodeIgniter.php(326): CodeIgniter\CodeIgniter->handleRequest(NULL, Object(Config\Cache), false)
#4 C:\xampp-8.1.5\htdocs\ci4.1.9-testapi-withcomposer\public\index.php(37): CodeIgniter\CodeIgniter->run()
#5 C:\xampp-8.1.5\htdocs\ci4.1.9-testapi-withcomposer\vendor\codeigniter4\framework\system\Commands\Server\rewrite.php(43): require_once('C:\\xampp-8.1.5\\...')
#6 {main}
CRITICAL - 2022-05-30 23:43:00 --> Undefined property: App\Controllers\Auth::$session
#0 C:\xampp-8.1.5\htdocs\ci4.1.9-testapi-withcomposer\app\Controllers\Auth.php(164): CodeIgniter\Debug\Exceptions->errorHandler(2, 'Undefined prope...', 'C:\\xampp-8.1.5\\...', 164)
#1 C:\xampp-8.1.5\htdocs\ci4.1.9-testapi-withcomposer\vendor\codeigniter4\framework\system\CodeIgniter.php(832): App\Controllers\Auth->processLogin()
#2 C:\xampp-8.1.5\htdocs\ci4.1.9-testapi-withcomposer\vendor\codeigniter4\framework\system\CodeIgniter.php(419): CodeIgniter\CodeIgniter->runController(Object(App\Controllers\Auth))
#3 C:\xampp-8.1.5\htdocs\ci4.1.9-testapi-withcomposer\vendor\codeigniter4\framework\system\CodeIgniter.php(326): CodeIgniter\CodeIgniter->handleRequest(NULL, Object(Config\Cache), false)
#4 C:\xampp-8.1.5\htdocs\ci4.1.9-testapi-withcomposer\public\index.php(37): CodeIgniter\CodeIgniter->run()
#5 C:\xampp-8.1.5\htdocs\ci4.1.9-testapi-withcomposer\vendor\codeigniter4\framework\system\Commands\Server\rewrite.php(43): require_once('C:\\xampp-8.1.5\\...')
#6 {main}
CRITICAL - 2022-05-30 23:43:06 --> Undefined property: App\Controllers\Auth::$session
#0 C:\xampp-8.1.5\htdocs\ci4.1.9-testapi-withcomposer\app\Controllers\Auth.php(164): CodeIgniter\Debug\Exceptions->errorHandler(2, 'Undefined prope...', 'C:\\xampp-8.1.5\\...', 164)
#1 C:\xampp-8.1.5\htdocs\ci4.1.9-testapi-withcomposer\vendor\codeigniter4\framework\system\CodeIgniter.php(832): App\Controllers\Auth->processLogin()
#2 C:\xampp-8.1.5\htdocs\ci4.1.9-testapi-withcomposer\vendor\codeigniter4\framework\system\CodeIgniter.php(419): CodeIgniter\CodeIgniter->runController(Object(App\Controllers\Auth))
#3 C:\xampp-8.1.5\htdocs\ci4.1.9-testapi-withcomposer\vendor\codeigniter4\framework\system\CodeIgniter.php(326): CodeIgniter\CodeIgniter->handleRequest(NULL, Object(Config\Cache), false)
#4 C:\xampp-8.1.5\htdocs\ci4.1.9-testapi-withcomposer\public\index.php(37): CodeIgniter\CodeIgniter->run()
#5 C:\xampp-8.1.5\htdocs\ci4.1.9-testapi-withcomposer\vendor\codeigniter4\framework\system\Commands\Server\rewrite.php(43): require_once('C:\\xampp-8.1.5\\...')
#6 {main}
CRITICAL - 2022-05-30 23:43:36 --> Undefined property: App\Controllers\Auth::$session
#0 C:\xampp-8.1.5\htdocs\ci4.1.9-testapi-withcomposer\app\Controllers\Auth.php(164): CodeIgniter\Debug\Exceptions->errorHandler(2, 'Undefined prope...', 'C:\\xampp-8.1.5\\...', 164)
#1 C:\xampp-8.1.5\htdocs\ci4.1.9-testapi-withcomposer\vendor\codeigniter4\framework\system\CodeIgniter.php(832): App\Controllers\Auth->processLogin()
#2 C:\xampp-8.1.5\htdocs\ci4.1.9-testapi-withcomposer\vendor\codeigniter4\framework\system\CodeIgniter.php(419): CodeIgniter\CodeIgniter->runController(Object(App\Controllers\Auth))
#3 C:\xampp-8.1.5\htdocs\ci4.1.9-testapi-withcomposer\vendor\codeigniter4\framework\system\CodeIgniter.php(326): CodeIgniter\CodeIgniter->handleRequest(NULL, Object(Config\Cache), false)
#4 C:\xampp-8.1.5\htdocs\ci4.1.9-testapi-withcomposer\public\index.php(37): CodeIgniter\CodeIgniter->run()
#5 C:\xampp-8.1.5\htdocs\ci4.1.9-testapi-withcomposer\vendor\codeigniter4\framework\system\Commands\Server\rewrite.php(43): require_once('C:\\xampp-8.1.5\\...')
#6 {main}
