ERROR - 2022-05-26 19:11:29 --> Error connecting to the database: No connection could be made because the target machine actively refused it
CRITICAL - 2022-05-26 19:11:29 --> Unable to connect to the database.
Main connection [MySQLi]: No connection could be made because the target machine actively refused it
#0 C:\xampp-8.1.5\htdocs\ci4.1.9-testapi-withcomposer\vendor\codeigniter4\framework\system\Database\BaseConnection.php(577): CodeIgniter\Database\BaseConnection->initialize()
#1 C:\xampp-8.1.5\htdocs\ci4.1.9-testapi-withcomposer\app\Models\ModelUsers.php(30): CodeIgniter\Database\BaseConnection->query('\r\n        SELEC...')
#2 C:\xampp-8.1.5\htdocs\ci4.1.9-testapi-withcomposer\app\Controllers\Auth.php(131): App\Models\ModelUsers->getUsername(Array)
#3 C:\xampp-8.1.5\htdocs\ci4.1.9-testapi-withcomposer\vendor\codeigniter4\framework\system\CodeIgniter.php(832): App\Controllers\Auth->processLogin()
#4 C:\xampp-8.1.5\htdocs\ci4.1.9-testapi-withcomposer\vendor\codeigniter4\framework\system\CodeIgniter.php(419): CodeIgniter\CodeIgniter->runController(Object(App\Controllers\Auth))
#5 C:\xampp-8.1.5\htdocs\ci4.1.9-testapi-withcomposer\vendor\codeigniter4\framework\system\CodeIgniter.php(326): CodeIgniter\CodeIgniter->handleRequest(NULL, Object(Config\Cache), false)
#6 C:\xampp-8.1.5\htdocs\ci4.1.9-testapi-withcomposer\public\index.php(37): CodeIgniter\CodeIgniter->run()
#7 C:\xampp-8.1.5\htdocs\ci4.1.9-testapi-withcomposer\vendor\codeigniter4\framework\system\Commands\Server\rewrite.php(43): require_once('C:\\xampp-8.1.5\\...')
#8 {main}
ERROR - 2022-05-26 19:12:58 --> Error connecting to the database: No connection could be made because the target machine actively refused it
CRITICAL - 2022-05-26 19:12:58 --> Unable to connect to the database.
Main connection [MySQLi]: No connection could be made because the target machine actively refused it
#0 C:\xampp-8.1.5\htdocs\ci4.1.9-testapi-withcomposer\vendor\codeigniter4\framework\system\Database\BaseConnection.php(577): CodeIgniter\Database\BaseConnection->initialize()
#1 C:\xampp-8.1.5\htdocs\ci4.1.9-testapi-withcomposer\app\Models\ModelUsers.php(30): CodeIgniter\Database\BaseConnection->query('\r\n        SELEC...')
#2 C:\xampp-8.1.5\htdocs\ci4.1.9-testapi-withcomposer\app\Controllers\Auth.php(131): App\Models\ModelUsers->getUsername(Array)
#3 C:\xampp-8.1.5\htdocs\ci4.1.9-testapi-withcomposer\vendor\codeigniter4\framework\system\CodeIgniter.php(832): App\Controllers\Auth->processLogin()
#4 C:\xampp-8.1.5\htdocs\ci4.1.9-testapi-withcomposer\vendor\codeigniter4\framework\system\CodeIgniter.php(419): CodeIgniter\CodeIgniter->runController(Object(App\Controllers\Auth))
#5 C:\xampp-8.1.5\htdocs\ci4.1.9-testapi-withcomposer\vendor\codeigniter4\framework\system\CodeIgniter.php(326): CodeIgniter\CodeIgniter->handleRequest(NULL, Object(Config\Cache), false)
#6 C:\xampp-8.1.5\htdocs\ci4.1.9-testapi-withcomposer\public\index.php(37): CodeIgniter\CodeIgniter->run()
#7 C:\xampp-8.1.5\htdocs\ci4.1.9-testapi-withcomposer\vendor\codeigniter4\framework\system\Commands\Server\rewrite.php(43): require_once('C:\\xampp-8.1.5\\...')
#8 {main}
ERROR - 2022-05-26 19:13:16 --> Error connecting to the database: No connection could be made because the target machine actively refused it
CRITICAL - 2022-05-26 19:13:16 --> Unable to connect to the database.
Main connection [MySQLi]: No connection could be made because the target machine actively refused it
#0 C:\xampp-8.1.5\htdocs\ci4.1.9-testapi-withcomposer\vendor\codeigniter4\framework\system\Database\BaseConnection.php(577): CodeIgniter\Database\BaseConnection->initialize()
#1 C:\xampp-8.1.5\htdocs\ci4.1.9-testapi-withcomposer\app\Models\ModelUsers.php(30): CodeIgniter\Database\BaseConnection->query('\r\n        SELEC...')
#2 C:\xampp-8.1.5\htdocs\ci4.1.9-testapi-withcomposer\app\Controllers\Auth.php(131): App\Models\ModelUsers->getUsername(Array)
#3 C:\xampp-8.1.5\htdocs\ci4.1.9-testapi-withcomposer\vendor\codeigniter4\framework\system\CodeIgniter.php(832): App\Controllers\Auth->processLogin()
#4 C:\xampp-8.1.5\htdocs\ci4.1.9-testapi-withcomposer\vendor\codeigniter4\framework\system\CodeIgniter.php(419): CodeIgniter\CodeIgniter->runController(Object(App\Controllers\Auth))
#5 C:\xampp-8.1.5\htdocs\ci4.1.9-testapi-withcomposer\vendor\codeigniter4\framework\system\CodeIgniter.php(326): CodeIgniter\CodeIgniter->handleRequest(NULL, Object(Config\Cache), false)
#6 C:\xampp-8.1.5\htdocs\ci4.1.9-testapi-withcomposer\public\index.php(37): CodeIgniter\CodeIgniter->run()
#7 C:\xampp-8.1.5\htdocs\ci4.1.9-testapi-withcomposer\vendor\codeigniter4\framework\system\Commands\Server\rewrite.php(43): require_once('C:\\xampp-8.1.5\\...')
#8 {main}
ERROR - 2022-05-26 20:17:43 --> Error connecting to the database: No connection could be made because the target machine actively refused it
CRITICAL - 2022-05-26 20:17:43 --> Unable to connect to the database.
Main connection [MySQLi]: No connection could be made because the target machine actively refused it
#0 C:\xampp-8.1.5\htdocs\ci4.1.9-testapi-withcomposer\vendor\codeigniter4\framework\system\Database\BaseConnection.php(577): CodeIgniter\Database\BaseConnection->initialize()
#1 C:\xampp-8.1.5\htdocs\ci4.1.9-testapi-withcomposer\app\Models\ModelUsers.php(30): CodeIgniter\Database\BaseConnection->query('\r\n        SELEC...')
#2 C:\xampp-8.1.5\htdocs\ci4.1.9-testapi-withcomposer\app\Controllers\Auth.php(131): App\Models\ModelUsers->getUsername(Array)
#3 C:\xampp-8.1.5\htdocs\ci4.1.9-testapi-withcomposer\vendor\codeigniter4\framework\system\CodeIgniter.php(832): App\Controllers\Auth->processLogin()
#4 C:\xampp-8.1.5\htdocs\ci4.1.9-testapi-withcomposer\vendor\codeigniter4\framework\system\CodeIgniter.php(419): CodeIgniter\CodeIgniter->runController(Object(App\Controllers\Auth))
#5 C:\xampp-8.1.5\htdocs\ci4.1.9-testapi-withcomposer\vendor\codeigniter4\framework\system\CodeIgniter.php(326): CodeIgniter\CodeIgniter->handleRequest(NULL, Object(Config\Cache), false)
#6 C:\xampp-8.1.5\htdocs\ci4.1.9-testapi-withcomposer\public\index.php(37): CodeIgniter\CodeIgniter->run()
#7 C:\xampp-8.1.5\htdocs\ci4.1.9-testapi-withcomposer\vendor\codeigniter4\framework\system\Commands\Server\rewrite.php(43): require_once('C:\\xampp-8.1.5\\...')
#8 {main}
CRITICAL - 2022-05-26 21:35:42 --> Undefined property: stdClass::$email
#0 C:\xampp-8.1.5\htdocs\ci4.1.9-testapi-withcomposer\app\Controllers\ApiAuth.php(135): CodeIgniter\Debug\Exceptions->errorHandler(2, 'Undefined prope...', 'C:\\xampp-8.1.5\\...', 135)
#1 C:\xampp-8.1.5\htdocs\ci4.1.9-testapi-withcomposer\vendor\codeigniter4\framework\system\CodeIgniter.php(832): App\Controllers\ApiAuth->login()
#2 C:\xampp-8.1.5\htdocs\ci4.1.9-testapi-withcomposer\vendor\codeigniter4\framework\system\CodeIgniter.php(419): CodeIgniter\CodeIgniter->runController(Object(App\Controllers\ApiAuth))
#3 C:\xampp-8.1.5\htdocs\ci4.1.9-testapi-withcomposer\vendor\codeigniter4\framework\system\CodeIgniter.php(326): CodeIgniter\CodeIgniter->handleRequest(NULL, Object(Config\Cache), false)
#4 C:\xampp-8.1.5\htdocs\ci4.1.9-testapi-withcomposer\public\index.php(37): CodeIgniter\CodeIgniter->run()
#5 C:\xampp-8.1.5\htdocs\ci4.1.9-testapi-withcomposer\vendor\codeigniter4\framework\system\Commands\Server\rewrite.php(43): require_once('C:\\xampp-8.1.5\\...')
#6 {main}
CRITICAL - 2022-05-26 22:18:04 --> syntax error, unexpected token "}", expecting ";"
#0 C:\xampp-8.1.5\htdocs\ci4.1.9-testapi-withcomposer\vendor\codeigniter4\framework\system\Autoloader\Autoloader.php(241): CodeIgniter\Autoloader\Autoloader->includeFile('C:\\xampp-8.1.5\\...')
#1 C:\xampp-8.1.5\htdocs\ci4.1.9-testapi-withcomposer\vendor\codeigniter4\framework\system\Autoloader\Autoloader.php(219): CodeIgniter\Autoloader\Autoloader->loadInNamespace('App\\Controllers...')
#2 [internal function]: CodeIgniter\Autoloader\Autoloader->loadClass('App\\Controllers...')
#3 C:\xampp-8.1.5\htdocs\ci4.1.9-testapi-withcomposer\vendor\codeigniter4\framework\system\CodeIgniter.php(797): class_exists('\\App\\Controller...', true)
#4 C:\xampp-8.1.5\htdocs\ci4.1.9-testapi-withcomposer\vendor\codeigniter4\framework\system\CodeIgniter.php(406): CodeIgniter\CodeIgniter->startController()
#5 C:\xampp-8.1.5\htdocs\ci4.1.9-testapi-withcomposer\vendor\codeigniter4\framework\system\CodeIgniter.php(326): CodeIgniter\CodeIgniter->handleRequest(NULL, Object(Config\Cache), false)
#6 C:\xampp-8.1.5\htdocs\ci4.1.9-testapi-withcomposer\public\index.php(37): CodeIgniter\CodeIgniter->run()
#7 C:\xampp-8.1.5\htdocs\ci4.1.9-testapi-withcomposer\vendor\codeigniter4\framework\system\Commands\Server\rewrite.php(43): require_once('C:\\xampp-8.1.5\\...')
#8 {main}
CRITICAL - 2022-05-26 22:49:49 --> syntax error, unexpected token "=>", expecting ")"
#0 C:\xampp-8.1.5\htdocs\ci4.1.9-testapi-withcomposer\vendor\codeigniter4\framework\system\Autoloader\Autoloader.php(241): CodeIgniter\Autoloader\Autoloader->includeFile('C:\\xampp-8.1.5\\...')
#1 C:\xampp-8.1.5\htdocs\ci4.1.9-testapi-withcomposer\vendor\codeigniter4\framework\system\Autoloader\Autoloader.php(219): CodeIgniter\Autoloader\Autoloader->loadInNamespace('App\\Filters\\Aut...')
#2 C:\xampp-8.1.5\htdocs\ci4.1.9-testapi-withcomposer\vendor\codeigniter4\framework\system\Filters\Filters.php(166): CodeIgniter\Autoloader\Autoloader->loadClass('App\\Filters\\Aut...')
#3 C:\xampp-8.1.5\htdocs\ci4.1.9-testapi-withcomposer\vendor\codeigniter4\framework\system\CodeIgniter.php(393): CodeIgniter\Filters\Filters->run('/', 'before')
#4 C:\xampp-8.1.5\htdocs\ci4.1.9-testapi-withcomposer\vendor\codeigniter4\framework\system\CodeIgniter.php(326): CodeIgniter\CodeIgniter->handleRequest(NULL, Object(Config\Cache), false)
#5 C:\xampp-8.1.5\htdocs\ci4.1.9-testapi-withcomposer\public\index.php(37): CodeIgniter\CodeIgniter->run()
#6 C:\xampp-8.1.5\htdocs\ci4.1.9-testapi-withcomposer\vendor\codeigniter4\framework\system\Commands\Server\rewrite.php(43): require_once('C:\\xampp-8.1.5\\...')
#7 {main}
CRITICAL - 2022-05-26 22:50:51 --> AuthCheckFilter filter must have a matching alias defined.
#0 C:\xampp-8.1.5\htdocs\ci4.1.9-testapi-withcomposer\vendor\codeigniter4\framework\system\Filters\Filters.php(340): CodeIgniter\Filters\Exceptions\FilterException::forNoAlias('AuthCheckFilter')
#1 C:\xampp-8.1.5\htdocs\ci4.1.9-testapi-withcomposer\vendor\codeigniter4\framework\system\CodeIgniter.php(384): CodeIgniter\Filters\Filters->enableFilter('AuthCheckFilter', 'before')
#2 C:\xampp-8.1.5\htdocs\ci4.1.9-testapi-withcomposer\vendor\codeigniter4\framework\system\CodeIgniter.php(326): CodeIgniter\CodeIgniter->handleRequest(NULL, Object(Config\Cache), false)
#3 C:\xampp-8.1.5\htdocs\ci4.1.9-testapi-withcomposer\public\index.php(37): CodeIgniter\CodeIgniter->run()
#4 C:\xampp-8.1.5\htdocs\ci4.1.9-testapi-withcomposer\vendor\codeigniter4\framework\system\Commands\Server\rewrite.php(43): require_once('C:\\xampp-8.1.5\\...')
#5 {main}
CRITICAL - 2022-05-26 22:53:01 --> AuthCheckFilter filter must have a matching alias defined.
#0 C:\xampp-8.1.5\htdocs\ci4.1.9-testapi-withcomposer\vendor\codeigniter4\framework\system\Filters\Filters.php(340): CodeIgniter\Filters\Exceptions\FilterException::forNoAlias('AuthCheckFilter')
#1 C:\xampp-8.1.5\htdocs\ci4.1.9-testapi-withcomposer\vendor\codeigniter4\framework\system\CodeIgniter.php(384): CodeIgniter\Filters\Filters->enableFilter('AuthCheckFilter', 'before')
#2 C:\xampp-8.1.5\htdocs\ci4.1.9-testapi-withcomposer\vendor\codeigniter4\framework\system\CodeIgniter.php(326): CodeIgniter\CodeIgniter->handleRequest(NULL, Object(Config\Cache), false)
#3 C:\xampp-8.1.5\htdocs\ci4.1.9-testapi-withcomposer\public\index.php(37): CodeIgniter\CodeIgniter->run()
#4 C:\xampp-8.1.5\htdocs\ci4.1.9-testapi-withcomposer\vendor\codeigniter4\framework\system\Commands\Server\rewrite.php(43): require_once('C:\\xampp-8.1.5\\...')
#5 {main}
CRITICAL - 2022-05-26 22:54:08 --> AuthCheckFilter filter must have a matching alias defined.
#0 C:\xampp-8.1.5\htdocs\ci4.1.9-testapi-withcomposer\vendor\codeigniter4\framework\system\Filters\Filters.php(340): CodeIgniter\Filters\Exceptions\FilterException::forNoAlias('AuthCheckFilter')
#1 C:\xampp-8.1.5\htdocs\ci4.1.9-testapi-withcomposer\vendor\codeigniter4\framework\system\CodeIgniter.php(384): CodeIgniter\Filters\Filters->enableFilter('AuthCheckFilter', 'before')
#2 C:\xampp-8.1.5\htdocs\ci4.1.9-testapi-withcomposer\vendor\codeigniter4\framework\system\CodeIgniter.php(326): CodeIgniter\CodeIgniter->handleRequest(NULL, Object(Config\Cache), false)
#3 C:\xampp-8.1.5\htdocs\ci4.1.9-testapi-withcomposer\public\index.php(37): CodeIgniter\CodeIgniter->run()
#4 C:\xampp-8.1.5\htdocs\ci4.1.9-testapi-withcomposer\vendor\codeigniter4\framework\system\Commands\Server\rewrite.php(43): require_once('C:\\xampp-8.1.5\\...')
#5 {main}
CRITICAL - 2022-05-26 22:56:51 --> AuthCheckFilter filter must have a matching alias defined.
#0 C:\xampp-8.1.5\htdocs\ci4.1.9-testapi-withcomposer\vendor\codeigniter4\framework\system\Filters\Filters.php(340): CodeIgniter\Filters\Exceptions\FilterException::forNoAlias('AuthCheckFilter')
#1 C:\xampp-8.1.5\htdocs\ci4.1.9-testapi-withcomposer\vendor\codeigniter4\framework\system\CodeIgniter.php(384): CodeIgniter\Filters\Filters->enableFilter('AuthCheckFilter', 'before')
#2 C:\xampp-8.1.5\htdocs\ci4.1.9-testapi-withcomposer\vendor\codeigniter4\framework\system\CodeIgniter.php(326): CodeIgniter\CodeIgniter->handleRequest(NULL, Object(Config\Cache), false)
#3 C:\xampp-8.1.5\htdocs\ci4.1.9-testapi-withcomposer\public\index.php(37): CodeIgniter\CodeIgniter->run()
#4 C:\xampp-8.1.5\htdocs\ci4.1.9-testapi-withcomposer\vendor\codeigniter4\framework\system\Commands\Server\rewrite.php(43): require_once('C:\\xampp-8.1.5\\...')
#5 {main}
CRITICAL - 2022-05-26 22:56:55 --> AuthCheckFilter filter must have a matching alias defined.
#0 C:\xampp-8.1.5\htdocs\ci4.1.9-testapi-withcomposer\vendor\codeigniter4\framework\system\Filters\Filters.php(340): CodeIgniter\Filters\Exceptions\FilterException::forNoAlias('AuthCheckFilter')
#1 C:\xampp-8.1.5\htdocs\ci4.1.9-testapi-withcomposer\vendor\codeigniter4\framework\system\CodeIgniter.php(384): CodeIgniter\Filters\Filters->enableFilter('AuthCheckFilter', 'before')
#2 C:\xampp-8.1.5\htdocs\ci4.1.9-testapi-withcomposer\vendor\codeigniter4\framework\system\CodeIgniter.php(326): CodeIgniter\CodeIgniter->handleRequest(NULL, Object(Config\Cache), false)
#3 C:\xampp-8.1.5\htdocs\ci4.1.9-testapi-withcomposer\public\index.php(37): CodeIgniter\CodeIgniter->run()
#4 C:\xampp-8.1.5\htdocs\ci4.1.9-testapi-withcomposer\vendor\codeigniter4\framework\system\Commands\Server\rewrite.php(43): require_once('C:\\xampp-8.1.5\\...')
#5 {main}
CRITICAL - 2022-05-26 22:59:46 --> authcheckfilter filter must have a matching alias defined.
#0 C:\xampp-8.1.5\htdocs\ci4.1.9-testapi-withcomposer\vendor\codeigniter4\framework\system\Filters\Filters.php(340): CodeIgniter\Filters\Exceptions\FilterException::forNoAlias('authcheckfilter')
#1 C:\xampp-8.1.5\htdocs\ci4.1.9-testapi-withcomposer\vendor\codeigniter4\framework\system\CodeIgniter.php(384): CodeIgniter\Filters\Filters->enableFilter('authcheckfilter', 'before')
#2 C:\xampp-8.1.5\htdocs\ci4.1.9-testapi-withcomposer\vendor\codeigniter4\framework\system\CodeIgniter.php(326): CodeIgniter\CodeIgniter->handleRequest(NULL, Object(Config\Cache), false)
#3 C:\xampp-8.1.5\htdocs\ci4.1.9-testapi-withcomposer\public\index.php(37): CodeIgniter\CodeIgniter->run()
#4 C:\xampp-8.1.5\htdocs\ci4.1.9-testapi-withcomposer\vendor\codeigniter4\framework\system\Commands\Server\rewrite.php(43): require_once('C:\\xampp-8.1.5\\...')
#5 {main}
CRITICAL - 2022-05-26 22:59:47 --> authcheckfilter filter must have a matching alias defined.
#0 C:\xampp-8.1.5\htdocs\ci4.1.9-testapi-withcomposer\vendor\codeigniter4\framework\system\Filters\Filters.php(340): CodeIgniter\Filters\Exceptions\FilterException::forNoAlias('authcheckfilter')
#1 C:\xampp-8.1.5\htdocs\ci4.1.9-testapi-withcomposer\vendor\codeigniter4\framework\system\CodeIgniter.php(384): CodeIgniter\Filters\Filters->enableFilter('authcheckfilter', 'before')
#2 C:\xampp-8.1.5\htdocs\ci4.1.9-testapi-withcomposer\vendor\codeigniter4\framework\system\CodeIgniter.php(326): CodeIgniter\CodeIgniter->handleRequest(NULL, Object(Config\Cache), false)
#3 C:\xampp-8.1.5\htdocs\ci4.1.9-testapi-withcomposer\public\index.php(37): CodeIgniter\CodeIgniter->run()
#4 C:\xampp-8.1.5\htdocs\ci4.1.9-testapi-withcomposer\vendor\codeigniter4\framework\system\Commands\Server\rewrite.php(43): require_once('C:\\xampp-8.1.5\\...')
#5 {main}
CRITICAL - 2022-05-26 22:59:47 --> authcheckfilter filter must have a matching alias defined.
#0 C:\xampp-8.1.5\htdocs\ci4.1.9-testapi-withcomposer\vendor\codeigniter4\framework\system\Filters\Filters.php(340): CodeIgniter\Filters\Exceptions\FilterException::forNoAlias('authcheckfilter')
#1 C:\xampp-8.1.5\htdocs\ci4.1.9-testapi-withcomposer\vendor\codeigniter4\framework\system\CodeIgniter.php(384): CodeIgniter\Filters\Filters->enableFilter('authcheckfilter', 'before')
#2 C:\xampp-8.1.5\htdocs\ci4.1.9-testapi-withcomposer\vendor\codeigniter4\framework\system\CodeIgniter.php(326): CodeIgniter\CodeIgniter->handleRequest(NULL, Object(Config\Cache), false)
#3 C:\xampp-8.1.5\htdocs\ci4.1.9-testapi-withcomposer\public\index.php(37): CodeIgniter\CodeIgniter->run()
#4 C:\xampp-8.1.5\htdocs\ci4.1.9-testapi-withcomposer\vendor\codeigniter4\framework\system\Commands\Server\rewrite.php(43): require_once('C:\\xampp-8.1.5\\...')
#5 {main}
CRITICAL - 2022-05-26 23:00:41 --> AuthCheckFilter filter must have a matching alias defined.
#0 C:\xampp-8.1.5\htdocs\ci4.1.9-testapi-withcomposer\vendor\codeigniter4\framework\system\Filters\Filters.php(340): CodeIgniter\Filters\Exceptions\FilterException::forNoAlias('AuthCheckFilter')
#1 C:\xampp-8.1.5\htdocs\ci4.1.9-testapi-withcomposer\vendor\codeigniter4\framework\system\CodeIgniter.php(384): CodeIgniter\Filters\Filters->enableFilter('AuthCheckFilter', 'before')
#2 C:\xampp-8.1.5\htdocs\ci4.1.9-testapi-withcomposer\vendor\codeigniter4\framework\system\CodeIgniter.php(326): CodeIgniter\CodeIgniter->handleRequest(NULL, Object(Config\Cache), false)
#3 C:\xampp-8.1.5\htdocs\ci4.1.9-testapi-withcomposer\public\index.php(37): CodeIgniter\CodeIgniter->run()
#4 C:\xampp-8.1.5\htdocs\ci4.1.9-testapi-withcomposer\vendor\codeigniter4\framework\system\Commands\Server\rewrite.php(43): require_once('C:\\xampp-8.1.5\\...')
#5 {main}
CRITICAL - 2022-05-26 23:00:42 --> AuthCheckFilter filter must have a matching alias defined.
#0 C:\xampp-8.1.5\htdocs\ci4.1.9-testapi-withcomposer\vendor\codeigniter4\framework\system\Filters\Filters.php(340): CodeIgniter\Filters\Exceptions\FilterException::forNoAlias('AuthCheckFilter')
#1 C:\xampp-8.1.5\htdocs\ci4.1.9-testapi-withcomposer\vendor\codeigniter4\framework\system\CodeIgniter.php(384): CodeIgniter\Filters\Filters->enableFilter('AuthCheckFilter', 'before')
#2 C:\xampp-8.1.5\htdocs\ci4.1.9-testapi-withcomposer\vendor\codeigniter4\framework\system\CodeIgniter.php(326): CodeIgniter\CodeIgniter->handleRequest(NULL, Object(Config\Cache), false)
#3 C:\xampp-8.1.5\htdocs\ci4.1.9-testapi-withcomposer\public\index.php(37): CodeIgniter\CodeIgniter->run()
#4 C:\xampp-8.1.5\htdocs\ci4.1.9-testapi-withcomposer\vendor\codeigniter4\framework\system\Commands\Server\rewrite.php(43): require_once('C:\\xampp-8.1.5\\...')
#5 {main}
CRITICAL - 2022-05-26 23:00:42 --> AuthCheckFilter filter must have a matching alias defined.
#0 C:\xampp-8.1.5\htdocs\ci4.1.9-testapi-withcomposer\vendor\codeigniter4\framework\system\Filters\Filters.php(340): CodeIgniter\Filters\Exceptions\FilterException::forNoAlias('AuthCheckFilter')
#1 C:\xampp-8.1.5\htdocs\ci4.1.9-testapi-withcomposer\vendor\codeigniter4\framework\system\CodeIgniter.php(384): CodeIgniter\Filters\Filters->enableFilter('AuthCheckFilter', 'before')
#2 C:\xampp-8.1.5\htdocs\ci4.1.9-testapi-withcomposer\vendor\codeigniter4\framework\system\CodeIgniter.php(326): CodeIgniter\CodeIgniter->handleRequest(NULL, Object(Config\Cache), false)
#3 C:\xampp-8.1.5\htdocs\ci4.1.9-testapi-withcomposer\public\index.php(37): CodeIgniter\CodeIgniter->run()
#4 C:\xampp-8.1.5\htdocs\ci4.1.9-testapi-withcomposer\vendor\codeigniter4\framework\system\Commands\Server\rewrite.php(43): require_once('C:\\xampp-8.1.5\\...')
#5 {main}
CRITICAL - 2022-05-26 23:00:42 --> AuthCheckFilter filter must have a matching alias defined.
#0 C:\xampp-8.1.5\htdocs\ci4.1.9-testapi-withcomposer\vendor\codeigniter4\framework\system\Filters\Filters.php(340): CodeIgniter\Filters\Exceptions\FilterException::forNoAlias('AuthCheckFilter')
#1 C:\xampp-8.1.5\htdocs\ci4.1.9-testapi-withcomposer\vendor\codeigniter4\framework\system\CodeIgniter.php(384): CodeIgniter\Filters\Filters->enableFilter('AuthCheckFilter', 'before')
#2 C:\xampp-8.1.5\htdocs\ci4.1.9-testapi-withcomposer\vendor\codeigniter4\framework\system\CodeIgniter.php(326): CodeIgniter\CodeIgniter->handleRequest(NULL, Object(Config\Cache), false)
#3 C:\xampp-8.1.5\htdocs\ci4.1.9-testapi-withcomposer\public\index.php(37): CodeIgniter\CodeIgniter->run()
#4 C:\xampp-8.1.5\htdocs\ci4.1.9-testapi-withcomposer\vendor\codeigniter4\framework\system\Commands\Server\rewrite.php(43): require_once('C:\\xampp-8.1.5\\...')
#5 {main}
CRITICAL - 2022-05-26 23:00:42 --> AuthCheckFilter filter must have a matching alias defined.
#0 C:\xampp-8.1.5\htdocs\ci4.1.9-testapi-withcomposer\vendor\codeigniter4\framework\system\Filters\Filters.php(340): CodeIgniter\Filters\Exceptions\FilterException::forNoAlias('AuthCheckFilter')
#1 C:\xampp-8.1.5\htdocs\ci4.1.9-testapi-withcomposer\vendor\codeigniter4\framework\system\CodeIgniter.php(384): CodeIgniter\Filters\Filters->enableFilter('AuthCheckFilter', 'before')
#2 C:\xampp-8.1.5\htdocs\ci4.1.9-testapi-withcomposer\vendor\codeigniter4\framework\system\CodeIgniter.php(326): CodeIgniter\CodeIgniter->handleRequest(NULL, Object(Config\Cache), false)
#3 C:\xampp-8.1.5\htdocs\ci4.1.9-testapi-withcomposer\public\index.php(37): CodeIgniter\CodeIgniter->run()
#4 C:\xampp-8.1.5\htdocs\ci4.1.9-testapi-withcomposer\vendor\codeigniter4\framework\system\Commands\Server\rewrite.php(43): require_once('C:\\xampp-8.1.5\\...')
#5 {main}
CRITICAL - 2022-05-26 23:00:48 --> AuthCheckFilter filter must have a matching alias defined.
#0 C:\xampp-8.1.5\htdocs\ci4.1.9-testapi-withcomposer\vendor\codeigniter4\framework\system\Filters\Filters.php(340): CodeIgniter\Filters\Exceptions\FilterException::forNoAlias('AuthCheckFilter')
#1 C:\xampp-8.1.5\htdocs\ci4.1.9-testapi-withcomposer\vendor\codeigniter4\framework\system\CodeIgniter.php(384): CodeIgniter\Filters\Filters->enableFilter('AuthCheckFilter', 'before')
#2 C:\xampp-8.1.5\htdocs\ci4.1.9-testapi-withcomposer\vendor\codeigniter4\framework\system\CodeIgniter.php(326): CodeIgniter\CodeIgniter->handleRequest(NULL, Object(Config\Cache), false)
#3 C:\xampp-8.1.5\htdocs\ci4.1.9-testapi-withcomposer\public\index.php(37): CodeIgniter\CodeIgniter->run()
#4 C:\xampp-8.1.5\htdocs\ci4.1.9-testapi-withcomposer\vendor\codeigniter4\framework\system\Commands\Server\rewrite.php(43): require_once('C:\\xampp-8.1.5\\...')
#5 {main}
CRITICAL - 2022-05-26 23:02:39 --> AuthCheckFilter filter must have a matching alias defined.
#0 C:\xampp-8.1.5\htdocs\ci4.1.9-testapi-withcomposer\vendor\codeigniter4\framework\system\Filters\Filters.php(340): CodeIgniter\Filters\Exceptions\FilterException::forNoAlias('AuthCheckFilter')
#1 C:\xampp-8.1.5\htdocs\ci4.1.9-testapi-withcomposer\vendor\codeigniter4\framework\system\CodeIgniter.php(384): CodeIgniter\Filters\Filters->enableFilter('AuthCheckFilter', 'before')
#2 C:\xampp-8.1.5\htdocs\ci4.1.9-testapi-withcomposer\vendor\codeigniter4\framework\system\CodeIgniter.php(326): CodeIgniter\CodeIgniter->handleRequest(NULL, Object(Config\Cache), false)
#3 C:\xampp-8.1.5\htdocs\ci4.1.9-testapi-withcomposer\public\index.php(37): CodeIgniter\CodeIgniter->run()
#4 C:\xampp-8.1.5\htdocs\ci4.1.9-testapi-withcomposer\vendor\codeigniter4\framework\system\Commands\Server\rewrite.php(43): require_once('C:\\xampp-8.1.5\\...')
#5 {main}
CRITICAL - 2022-05-26 23:05:52 --> AuthCheckFilter filter must have a matching alias defined.
#0 C:\xampp-8.1.5\htdocs\ci4.1.9-testapi-withcomposer\vendor\codeigniter4\framework\system\Filters\Filters.php(340): CodeIgniter\Filters\Exceptions\FilterException::forNoAlias('AuthCheckFilter')
#1 C:\xampp-8.1.5\htdocs\ci4.1.9-testapi-withcomposer\vendor\codeigniter4\framework\system\CodeIgniter.php(384): CodeIgniter\Filters\Filters->enableFilter('AuthCheckFilter', 'before')
#2 C:\xampp-8.1.5\htdocs\ci4.1.9-testapi-withcomposer\vendor\codeigniter4\framework\system\CodeIgniter.php(326): CodeIgniter\CodeIgniter->handleRequest(NULL, Object(Config\Cache), false)
#3 C:\xampp-8.1.5\htdocs\ci4.1.9-testapi-withcomposer\public\index.php(37): CodeIgniter\CodeIgniter->run()
#4 C:\xampp-8.1.5\htdocs\ci4.1.9-testapi-withcomposer\vendor\codeigniter4\framework\system\Commands\Server\rewrite.php(43): require_once('C:\\xampp-8.1.5\\...')
#5 {main}
CRITICAL - 2022-05-26 23:30:12 --> explode(): Argument #1 ($separator) cannot be empty
#0 C:\xampp-8.1.5\htdocs\ci4.1.9-testapi-withcomposer\app\Filters\AuthCheckFilter.php(40): explode('', 'Bearer eyJ0eXAi...')
#1 C:\xampp-8.1.5\htdocs\ci4.1.9-testapi-withcomposer\vendor\codeigniter4\framework\system\Filters\Filters.php(173): App\Filters\AuthCheckFilter->before(Object(CodeIgniter\HTTP\IncomingRequest), NULL)
#2 C:\xampp-8.1.5\htdocs\ci4.1.9-testapi-withcomposer\vendor\codeigniter4\framework\system\CodeIgniter.php(393): CodeIgniter\Filters\Filters->run('/', 'before')
#3 C:\xampp-8.1.5\htdocs\ci4.1.9-testapi-withcomposer\vendor\codeigniter4\framework\system\CodeIgniter.php(326): CodeIgniter\CodeIgniter->handleRequest(NULL, Object(Config\Cache), false)
#4 C:\xampp-8.1.5\htdocs\ci4.1.9-testapi-withcomposer\public\index.php(37): CodeIgniter\CodeIgniter->run()
#5 C:\xampp-8.1.5\htdocs\ci4.1.9-testapi-withcomposer\vendor\codeigniter4\framework\system\Commands\Server\rewrite.php(43): require_once('C:\\xampp-8.1.5\\...')
#6 {main}
